TN:
SF:controllers\ChampionshipMatchEventsController.ts
FN:10,(anonymous_1)
FN:48,(anonymous_2)
FN:132,(anonymous_3)
FN:230,(anonymous_4)
FN:279,(anonymous_5)
FN:328,(anonymous_6)
FN:370,(anonymous_7)
FNF:7
FNH:0
FNDA:0,(anonymous_1)
FNDA:0,(anonymous_2)
FNDA:0,(anonymous_3)
FNDA:0,(anonymous_4)
FNDA:0,(anonymous_5)
FNDA:0,(anonymous_6)
FNDA:0,(anonymous_7)
DA:3,0
DA:4,0
DA:5,0
DA:6,0
DA:7,0
DA:8,0
DA:10,0
DA:11,0
DA:12,0
DA:14,0
DA:15,0
DA:16,0
DA:19,0
DA:28,0
DA:37,0
DA:39,0
DA:40,0
DA:41,0
DA:48,0
DA:49,0
DA:50,0
DA:51,0
DA:53,0
DA:54,0
DA:55,0
DA:58,0
DA:59,0
DA:60,0
DA:63,0
DA:64,0
DA:66,0
DA:67,0
DA:68,0
DA:69,0
DA:70,0
DA:72,0
DA:73,0
DA:74,0
DA:75,0
DA:76,0
DA:77,0
DA:78,0
DA:79,0
DA:81,0
DA:84,0
DA:85,0
DA:93,0
DA:94,0
DA:95,0
DA:99,0
DA:100,0
DA:108,0
DA:109,0
DA:110,0
DA:114,0
DA:121,0
DA:123,0
DA:124,0
DA:125,0
DA:132,0
DA:133,0
DA:134,0
DA:135,0
DA:143,0
DA:144,0
DA:145,0
DA:148,0
DA:149,0
DA:150,0
DA:153,0
DA:154,0
DA:155,0
DA:158,0
DA:159,0
DA:161,0
DA:162,0
DA:163,0
DA:164,0
DA:165,0
DA:167,0
DA:168,0
DA:169,0
DA:170,0
DA:171,0
DA:172,0
DA:173,0
DA:174,0
DA:176,0
DA:179,0
DA:180,0
DA:189,0
DA:190,0
DA:191,0
DA:195,0
DA:196,0
DA:205,0
DA:206,0
DA:207,0
DA:211,0
DA:219,0
DA:221,0
DA:222,0
DA:223,0
DA:230,0
DA:231,0
DA:232,0
DA:233,0
DA:235,0
DA:236,0
DA:237,0
DA:240,0
DA:241,0
DA:242,0
DA:243,0
DA:246,0
DA:247,0
DA:248,0
DA:249,0
DA:252,0
DA:253,0
DA:254,0
DA:256,0
DA:257,0
DA:258,0
DA:261,0
DA:262,0
DA:263,0
DA:264,0
DA:267,0
DA:268,0
DA:270,0
DA:271,0
DA:272,0
DA:279,0
DA:280,0
DA:281,0
DA:282,0
DA:284,0
DA:285,0
DA:286,0
DA:289,0
DA:290,0
DA:291,0
DA:292,0
DA:295,0
DA:296,0
DA:297,0
DA:298,0
DA:301,0
DA:302,0
DA:303,0
DA:305,0
DA:306,0
DA:307,0
DA:310,0
DA:311,0
DA:312,0
DA:313,0
DA:316,0
DA:317,0
DA:319,0
DA:320,0
DA:321,0
DA:328,0
DA:329,0
DA:330,0
DA:332,0
DA:333,0
DA:334,0
DA:337,0
DA:338,0
DA:339,0
DA:340,0
DA:343,0
DA:344,0
DA:345,0
DA:346,0
DA:349,0
DA:350,0
DA:351,0
DA:353,0
DA:354,0
DA:355,0
DA:358,0
DA:359,0
DA:361,0
DA:362,0
DA:363,0
DA:370,0
DA:371,0
DA:372,0
DA:374,0
DA:375,0
DA:376,0
DA:379,0
DA:380,0
DA:381,0
DA:382,0
DA:385,0
DA:386,0
DA:387,0
DA:388,0
DA:391,0
DA:392,0
DA:393,0
DA:395,0
DA:396,0
DA:397,0
DA:400,0
DA:401,0
DA:403,0
DA:404,0
DA:405,0
LF:213
LH:0
BRDA:14,0,0,0
BRDA:14,0,1,0
BRDA:14,1,0,0
BRDA:14,1,1,0
BRDA:40,2,0,0
BRDA:40,2,1,0
BRDA:43,3,0,0
BRDA:43,3,1,0
BRDA:53,4,0,0
BRDA:53,4,1,0
BRDA:58,5,0,0
BRDA:58,5,1,0
BRDA:58,6,0,0
BRDA:58,6,1,0
BRDA:66,7,0,0
BRDA:66,7,1,0
BRDA:68,8,0,0
BRDA:68,8,1,0
BRDA:73,9,0,0
BRDA:73,9,1,0
BRDA:75,10,0,0
BRDA:75,10,1,0
BRDA:77,11,0,0
BRDA:77,11,1,0
BRDA:84,12,0,0
BRDA:84,12,1,0
BRDA:89,13,0,0
BRDA:89,13,1,0
BRDA:93,14,0,0
BRDA:93,14,1,0
BRDA:99,15,0,0
BRDA:99,15,1,0
BRDA:104,16,0,0
BRDA:104,16,1,0
BRDA:108,17,0,0
BRDA:108,17,1,0
BRDA:118,18,0,0
BRDA:118,18,1,0
BRDA:124,19,0,0
BRDA:124,19,1,0
BRDA:127,20,0,0
BRDA:127,20,1,0
BRDA:143,21,0,0
BRDA:143,21,1,0
BRDA:148,22,0,0
BRDA:148,22,1,0
BRDA:148,23,0,0
BRDA:148,23,1,0
BRDA:153,24,0,0
BRDA:153,24,1,0
BRDA:161,25,0,0
BRDA:161,25,1,0
BRDA:163,26,0,0
BRDA:163,26,1,0
BRDA:168,27,0,0
BRDA:168,27,1,0
BRDA:170,28,0,0
BRDA:170,28,1,0
BRDA:172,29,0,0
BRDA:172,29,1,0
BRDA:179,30,0,0
BRDA:179,30,1,0
BRDA:185,31,0,0
BRDA:185,31,1,0
BRDA:189,32,0,0
BRDA:189,32,1,0
BRDA:195,33,0,0
BRDA:195,33,1,0
BRDA:201,34,0,0
BRDA:201,34,1,0
BRDA:205,35,0,0
BRDA:205,35,1,0
BRDA:216,36,0,0
BRDA:216,36,1,0
BRDA:222,37,0,0
BRDA:222,37,1,0
BRDA:225,38,0,0
BRDA:225,38,1,0
BRDA:235,39,0,0
BRDA:235,39,1,0
BRDA:241,40,0,0
BRDA:241,40,1,0
BRDA:247,41,0,0
BRDA:247,41,1,0
BRDA:256,42,0,0
BRDA:256,42,1,0
BRDA:256,43,0,0
BRDA:256,43,1,0
BRDA:262,44,0,0
BRDA:262,44,1,0
BRDA:271,45,0,0
BRDA:271,45,1,0
BRDA:274,46,0,0
BRDA:274,46,1,0
BRDA:284,47,0,0
BRDA:284,47,1,0
BRDA:290,48,0,0
BRDA:290,48,1,0
BRDA:296,49,0,0
BRDA:296,49,1,0
BRDA:305,50,0,0
BRDA:305,50,1,0
BRDA:305,51,0,0
BRDA:305,51,1,0
BRDA:311,52,0,0
BRDA:311,52,1,0
BRDA:320,53,0,0
BRDA:320,53,1,0
BRDA:323,54,0,0
BRDA:323,54,1,0
BRDA:332,55,0,0
BRDA:332,55,1,0
BRDA:338,56,0,0
BRDA:338,56,1,0
BRDA:344,57,0,0
BRDA:344,57,1,0
BRDA:353,58,0,0
BRDA:353,58,1,0
BRDA:353,59,0,0
BRDA:353,59,1,0
BRDA:362,60,0,0
BRDA:362,60,1,0
BRDA:365,61,0,0
BRDA:365,61,1,0
BRDA:374,62,0,0
BRDA:374,62,1,0
BRDA:380,63,0,0
BRDA:380,63,1,0
BRDA:386,64,0,0
BRDA:386,64,1,0
BRDA:395,65,0,0
BRDA:395,65,1,0
BRDA:395,66,0,0
BRDA:395,66,1,0
BRDA:404,67,0,0
BRDA:404,67,1,0
BRDA:407,68,0,0
BRDA:407,68,1,0
BRF:138
BRH:0
end_of_record
TN:
SF:controllers\ChampionshipPunishmentController.ts
FN:12,(anonymous_1)
FN:135,(anonymous_2)
FN:170,(anonymous_3)
FN:229,(anonymous_4)
FNF:4
FNH:0
FNDA:0,(anonymous_1)
FNDA:0,(anonymous_2)
FNDA:0,(anonymous_3)
FNDA:0,(anonymous_4)
DA:3,0
DA:4,0
DA:5,0
DA:6,0
DA:8,0
DA:9,0
DA:10,0
DA:12,0
DA:13,0
DA:14,0
DA:16,0
DA:17,0
DA:18,0
DA:21,0
DA:22,0
DA:23,0
DA:24,0
DA:25,0
DA:26,0
DA:28,0
DA:29,0
DA:30,0
DA:33,0
DA:35,0
DA:36,0
DA:37,0
DA:40,0
DA:41,0
DA:43,0
DA:44,0
DA:45,0
DA:48,0
DA:52,0
DA:53,0
DA:54,0
DA:57,0
DA:58,0
DA:59,0
DA:61,0
DA:62,0
DA:63,0
DA:66,0
DA:73,0
DA:74,0
DA:75,0
DA:78,0
DA:82,0
DA:83,0
DA:84,0
DA:87,0
DA:91,0
DA:95,0
DA:96,0
DA:97,0
DA:100,0
DA:104,0
DA:105,0
DA:106,0
DA:109,0
DA:116,0
DA:117,0
DA:119,0
DA:129,0
DA:131,0
DA:135,0
DA:136,0
DA:137,0
DA:138,0
DA:139,0
DA:140,0
DA:142,0
DA:143,0
DA:145,0
DA:147,0
DA:163,0
DA:165,0
DA:166,0
DA:170,0
DA:171,0
DA:172,0
DA:173,0
DA:174,0
DA:175,0
DA:177,0
DA:178,0
DA:179,0
DA:180,0
DA:182,0
DA:183,0
DA:184,0
DA:185,0
DA:187,0
DA:188,0
DA:189,0
DA:190,0
DA:191,0
DA:192,0
DA:195,0
DA:198,0
DA:199,0
DA:200,0
DA:203,0
DA:204,0
DA:205,0
DA:206,0
DA:207,0
DA:210,0
DA:213,0
DA:214,0
DA:215,0
DA:217,0
DA:219,0
DA:220,0
DA:222,0
DA:223,0
DA:225,0
DA:229,0
DA:230,0
DA:231,0
DA:232,0
DA:233,0
DA:234,0
DA:236,0
DA:237,0
DA:239,0
DA:240,0
DA:241,0
DA:242,0
DA:244,0
DA:245,0
DA:246,0
DA:247,0
DA:248,0
DA:249,0
DA:251,0
DA:253,0
DA:254,0
DA:255,0
DA:256,0
DA:259,0
DA:266,0
DA:267,0
DA:268,0
DA:274,0
DA:275,0
DA:276,0
DA:277,0
DA:278,0
DA:279,0
DA:281,0
DA:282,0
DA:284,0
DA:285,0
DA:288,0
DA:291,0
DA:294,0
DA:295,0
DA:296,0
DA:298,0
DA:299,0
DA:300,0
DA:301,0
DA:302,0
DA:306,0
DA:308,0
DA:309,0
DA:310,0
LF:167
LH:0
BRDA:16,0,0,0
BRDA:16,0,1,0
BRDA:28,1,0,0
BRDA:28,1,1,0
BRDA:28,2,0,0
BRDA:28,2,1,0
BRDA:28,2,2,0
BRDA:28,2,3,0
BRDA:28,2,4,0
BRDA:28,2,5,0
BRDA:35,3,0,0
BRDA:35,3,1,0
BRDA:43,4,0,0
BRDA:43,4,1,0
BRDA:52,5,0,0
BRDA:52,5,1,0
BRDA:59,6,0,0
BRDA:59,6,1,0
BRDA:61,7,0,0
BRDA:61,7,1,0
BRDA:61,8,0,0
BRDA:61,8,1,0
BRDA:73,9,0,0
BRDA:73,9,1,0
BRDA:82,10,0,0
BRDA:82,10,1,0
BRDA:95,11,0,0
BRDA:95,11,1,0
BRDA:95,12,0,0
BRDA:95,12,1,0
BRDA:104,13,0,0
BRDA:104,13,1,0
BRDA:116,14,0,0
BRDA:116,14,1,0
BRDA:117,15,0,0
BRDA:117,15,1,0
BRDA:138,16,0,0
BRDA:138,16,1,0
BRDA:166,17,0,0
BRDA:166,17,1,0
BRDA:173,18,0,0
BRDA:173,18,1,0
BRDA:180,19,0,0
BRDA:180,19,1,0
BRDA:183,20,0,0
BRDA:183,20,1,0
BRDA:189,21,0,0
BRDA:189,21,1,0
BRDA:190,22,0,0
BRDA:190,22,1,0
BRDA:190,23,0,0
BRDA:190,23,1,0
BRDA:198,24,0,0
BRDA:198,24,1,0
BRDA:203,25,0,0
BRDA:203,25,1,0
BRDA:205,26,0,0
BRDA:205,26,1,0
BRDA:205,27,0,0
BRDA:205,27,1,0
BRDA:213,28,0,0
BRDA:213,28,1,0
BRDA:219,29,0,0
BRDA:219,29,1,0
BRDA:232,30,0,0
BRDA:232,30,1,0
BRDA:240,31,0,0
BRDA:240,31,1,0
BRDA:246,32,0,0
BRDA:246,32,1,0
BRDA:247,33,0,0
BRDA:247,33,1,0
BRDA:247,34,0,0
BRDA:247,34,1,0
BRDA:254,35,0,0
BRDA:254,35,1,0
BRDA:266,36,0,0
BRDA:266,36,1,0
BRDA:274,37,0,0
BRDA:274,37,1,0
BRDA:275,38,0,0
BRDA:275,38,1,0
BRDA:282,39,0,0
BRDA:282,39,1,0
BRDA:298,40,0,0
BRDA:298,40,1,0
BRDA:300,41,0,0
BRDA:300,41,1,0
BRDA:300,42,0,0
BRDA:300,42,1,0
BRDA:309,43,0,0
BRDA:309,43,1,0
BRDA:312,44,0,0
BRDA:312,44,1,0
BRF:94
BRH:0
end_of_record
TN:
SF:controllers\FriendlyMatchesEvaluationController.ts
FN:9,(anonymous_1)
FN:27,(anonymous_2)
FN:52,(anonymous_3)
FN:77,(anonymous_4)
FN:113,(anonymous_5)
FN:126,(anonymous_6)
FN:148,(anonymous_7)
FN:153,(anonymous_8)
FN:160,(anonymous_9)
FNF:9
FNH:0
FNDA:0,(anonymous_1)
FNDA:0,(anonymous_2)
FNDA:0,(anonymous_3)
FNDA:0,(anonymous_4)
FNDA:0,(anonymous_5)
FNDA:0,(anonymous_6)
FNDA:0,(anonymous_7)
FNDA:0,(anonymous_8)
FNDA:0,(anonymous_9)
DA:3,0
DA:4,0
DA:5,0
DA:6,0
DA:7,0
DA:9,0
DA:10,0
DA:11,0
DA:12,0
DA:21,0
DA:23,0
DA:27,0
DA:28,0
DA:29,0
DA:30,0
DA:31,0
DA:33,0
DA:34,0
DA:35,0
DA:38,0
DA:39,0
DA:40,0
DA:43,0
DA:44,0
DA:45,0
DA:46,0
DA:49,0
DA:50,0
DA:51,0
DA:52,0
DA:53,0
DA:54,0
DA:55,0
DA:59,0
DA:60,0
DA:61,0
DA:64,0
DA:65,0
DA:66,0
DA:67,0
DA:70,0
DA:71,0
DA:73,0
DA:77,0
DA:78,0
DA:79,0
DA:80,0
DA:81,0
DA:83,0
DA:84,0
DA:85,0
DA:88,0
DA:89,0
DA:90,0
DA:93,0
DA:94,0
DA:95,0
DA:96,0
DA:99,0
DA:100,0
DA:101,0
DA:102,0
DA:105,0
DA:106,0
DA:107,0
DA:109,0
DA:113,0
DA:114,0
DA:115,0
DA:116,0
DA:117,0
DA:118,0
DA:119,0
DA:121,0
DA:122,0
DA:123,0
DA:124,0
DA:125,0
DA:126,0
DA:127,0
DA:128,0
DA:129,0
DA:132,0
DA:134,0
DA:135,0
DA:136,0
DA:137,0
DA:138,0
DA:139,0
DA:141,0
DA:142,0
DA:144,0
DA:148,0
DA:149,0
DA:150,0
DA:151,0
DA:152,0
DA:153,0
DA:154,0
DA:156,0
DA:160,0
DA:161,0
DA:162,0
DA:163,0
DA:165,0
DA:166,0
DA:167,0
DA:170,0
DA:171,0
DA:172,0
DA:173,0
DA:176,0
DA:177,0
DA:179,0
LF:114
LH:0
BRDA:33,0,0,0
BRDA:33,0,1,0
BRDA:38,1,0,0
BRDA:38,1,1,0
BRDA:38,2,0,0
BRDA:38,2,1,0
BRDA:38,2,2,0
BRDA:44,3,0,0
BRDA:44,3,1,0
BRDA:50,4,0,0
BRDA:50,4,1,0
BRDA:53,5,0,0
BRDA:53,5,1,0
BRDA:55,6,0,0
BRDA:55,6,1,0
BRDA:59,7,0,0
BRDA:59,7,1,0
BRDA:65,8,0,0
BRDA:65,8,1,0
BRDA:83,9,0,0
BRDA:83,9,1,0
BRDA:88,10,0,0
BRDA:88,10,1,0
BRDA:88,11,0,0
BRDA:88,11,1,0
BRDA:88,11,2,0
BRDA:94,12,0,0
BRDA:94,12,1,0
BRDA:100,13,0,0
BRDA:100,13,1,0
BRDA:118,14,0,0
BRDA:118,14,1,0
BRDA:119,15,0,0
BRDA:119,15,1,0
BRDA:119,16,0,0
BRDA:119,16,1,0
BRDA:119,16,2,0
BRDA:122,17,0,0
BRDA:122,17,1,0
BRDA:124,18,0,0
BRDA:124,18,1,0
BRDA:127,19,0,0
BRDA:127,19,1,0
BRDA:129,20,0,0
BRDA:129,20,1,0
BRDA:132,21,0,0
BRDA:132,21,1,0
BRDA:135,22,0,0
BRDA:135,22,1,0
BRDA:153,23,0,0
BRDA:153,23,1,0
BRDA:165,24,0,0
BRDA:165,24,1,0
BRDA:171,25,0,0
BRDA:171,25,1,0
BRF:55
BRH:0
end_of_record
TN:
SF:controllers\FriendlyMatchesEventsController.ts
FN:9,(anonymous_1)
FN:53,(anonymous_2)
FN:138,(anonymous_3)
FN:242,(anonymous_4)
FN:280,(anonymous_5)
FN:317,(anonymous_6)
FN:354,(anonymous_7)
FN:384,(anonymous_8)
FNF:8
FNH:0
FNDA:0,(anonymous_1)
FNDA:0,(anonymous_2)
FNDA:0,(anonymous_3)
FNDA:0,(anonymous_4)
FNDA:0,(anonymous_5)
FNDA:0,(anonymous_6)
FNDA:0,(anonymous_7)
FNDA:0,(anonymous_8)
DA:3,0
DA:4,0
DA:5,0
DA:6,0
DA:7,0
DA:9,0
DA:10,0
DA:11,0
DA:12,0
DA:14,0
DA:15,0
DA:16,0
DA:19,0
DA:20,0
DA:21,0
DA:22,0
DA:25,0
DA:26,0
DA:27,0
DA:30,0
DA:31,0
DA:33,0
DA:34,0
DA:35,0
DA:38,0
DA:40,0
DA:45,0
DA:46,0
DA:53,0
DA:54,0
DA:55,0
DA:56,0
DA:58,0
DA:59,0
DA:60,0
DA:63,0
DA:64,0
DA:65,0
DA:68,0
DA:69,0
DA:70,0
DA:71,0
DA:74,0
DA:75,0
DA:77,0
DA:78,0
DA:79,0
DA:80,0
DA:81,0
DA:83,0
DA:84,0
DA:85,0
DA:86,0
DA:87,0
DA:88,0
DA:89,0
DA:90,0
DA:92,0
DA:95,0
DA:96,0
DA:104,0
DA:105,0
DA:106,0
DA:110,0
DA:111,0
DA:119,0
DA:120,0
DA:121,0
DA:125,0
DA:132,0
DA:134,0
DA:138,0
DA:139,0
DA:140,0
DA:141,0
DA:149,0
DA:150,0
DA:151,0
DA:154,0
DA:155,0
DA:156,0
DA:159,0
DA:160,0
DA:161,0
DA:162,0
DA:165,0
DA:166,0
DA:167,0
DA:170,0
DA:171,0
DA:173,0
DA:174,0
DA:175,0
DA:176,0
DA:177,0
DA:179,0
DA:180,0
DA:181,0
DA:182,0
DA:183,0
DA:184,0
DA:185,0
DA:186,0
DA:188,0
DA:191,0
DA:192,0
DA:201,0
DA:202,0
DA:203,0
DA:207,0
DA:208,0
DA:217,0
DA:218,0
DA:219,0
DA:223,0
DA:231,0
DA:233,0
DA:234,0
DA:235,0
DA:242,0
DA:243,0
DA:244,0
DA:246,0
DA:247,0
DA:248,0
DA:251,0
DA:260,0
DA:269,0
DA:271,0
DA:272,0
DA:273,0
DA:280,0
DA:281,0
DA:282,0
DA:283,0
DA:285,0
DA:286,0
DA:287,0
DA:290,0
DA:291,0
DA:292,0
DA:293,0
DA:296,0
DA:297,0
DA:299,0
DA:300,0
DA:301,0
DA:304,0
DA:305,0
DA:306,0
DA:307,0
DA:310,0
DA:311,0
DA:313,0
DA:317,0
DA:318,0
DA:319,0
DA:320,0
DA:322,0
DA:323,0
DA:324,0
DA:327,0
DA:328,0
DA:329,0
DA:330,0
DA:333,0
DA:334,0
DA:336,0
DA:337,0
DA:338,0
DA:341,0
DA:342,0
DA:343,0
DA:344,0
DA:347,0
DA:348,0
DA:350,0
DA:354,0
DA:355,0
DA:356,0
DA:358,0
DA:359,0
DA:360,0
DA:363,0
DA:364,0
DA:365,0
DA:366,0
DA:369,0
DA:370,0
DA:372,0
DA:373,0
DA:374,0
DA:377,0
DA:378,0
DA:380,0
DA:384,0
DA:385,0
DA:386,0
DA:388,0
DA:389,0
DA:390,0
DA:393,0
DA:394,0
DA:395,0
DA:396,0
DA:399,0
DA:400,0
DA:402,0
DA:403,0
DA:404,0
DA:407,0
DA:408,0
DA:410,0
LF:213
LH:0
BRDA:11,0,0,0
BRDA:11,0,1,0
BRDA:14,1,0,0
BRDA:14,1,1,0
BRDA:20,2,0,0
BRDA:20,2,1,0
BRDA:25,3,0,0
BRDA:25,3,1,0
BRDA:33,4,0,0
BRDA:33,4,1,0
BRDA:33,5,0,0
BRDA:33,5,1,0
BRDA:48,6,0,0
BRDA:48,6,1,0
BRDA:55,7,0,0
BRDA:55,7,1,0
BRDA:58,8,0,0
BRDA:58,8,1,0
BRDA:63,9,0,0
BRDA:63,9,1,0
BRDA:63,10,0,0
BRDA:63,10,1,0
BRDA:69,11,0,0
BRDA:69,11,1,0
BRDA:77,12,0,0
BRDA:77,12,1,0
BRDA:79,13,0,0
BRDA:79,13,1,0
BRDA:84,14,0,0
BRDA:84,14,1,0
BRDA:86,15,0,0
BRDA:86,15,1,0
BRDA:88,16,0,0
BRDA:88,16,1,0
BRDA:95,17,0,0
BRDA:95,17,1,0
BRDA:100,18,0,0
BRDA:100,18,1,0
BRDA:104,19,0,0
BRDA:104,19,1,0
BRDA:110,20,0,0
BRDA:110,20,1,0
BRDA:115,21,0,0
BRDA:115,21,1,0
BRDA:119,22,0,0
BRDA:119,22,1,0
BRDA:129,23,0,0
BRDA:129,23,1,0
BRDA:140,24,0,0
BRDA:140,24,1,0
BRDA:149,25,0,0
BRDA:149,25,1,0
BRDA:154,26,0,0
BRDA:154,26,1,0
BRDA:154,27,0,0
BRDA:154,27,1,0
BRDA:160,28,0,0
BRDA:160,28,1,0
BRDA:165,29,0,0
BRDA:165,29,1,0
BRDA:173,30,0,0
BRDA:173,30,1,0
BRDA:175,31,0,0
BRDA:175,31,1,0
BRDA:180,32,0,0
BRDA:180,32,1,0
BRDA:182,33,0,0
BRDA:182,33,1,0
BRDA:184,34,0,0
BRDA:184,34,1,0
BRDA:191,35,0,0
BRDA:191,35,1,0
BRDA:197,36,0,0
BRDA:197,36,1,0
BRDA:201,37,0,0
BRDA:201,37,1,0
BRDA:207,38,0,0
BRDA:207,38,1,0
BRDA:213,39,0,0
BRDA:213,39,1,0
BRDA:217,40,0,0
BRDA:217,40,1,0
BRDA:228,41,0,0
BRDA:228,41,1,0
BRDA:234,42,0,0
BRDA:234,42,1,0
BRDA:237,43,0,0
BRDA:237,43,1,0
BRDA:244,44,0,0
BRDA:244,44,1,0
BRDA:246,45,0,0
BRDA:246,45,1,0
BRDA:246,46,0,0
BRDA:246,46,1,0
BRDA:272,47,0,0
BRDA:272,47,1,0
BRDA:275,48,0,0
BRDA:275,48,1,0
BRDA:282,49,0,0
BRDA:282,49,1,0
BRDA:285,50,0,0
BRDA:285,50,1,0
BRDA:291,51,0,0
BRDA:291,51,1,0
BRDA:299,52,0,0
BRDA:299,52,1,0
BRDA:299,53,0,0
BRDA:299,53,1,0
BRDA:305,54,0,0
BRDA:305,54,1,0
BRDA:319,55,0,0
BRDA:319,55,1,0
BRDA:322,56,0,0
BRDA:322,56,1,0
BRDA:328,57,0,0
BRDA:328,57,1,0
BRDA:336,58,0,0
BRDA:336,58,1,0
BRDA:336,59,0,0
BRDA:336,59,1,0
BRDA:342,60,0,0
BRDA:342,60,1,0
BRDA:356,61,0,0
BRDA:356,61,1,0
BRDA:358,62,0,0
BRDA:358,62,1,0
BRDA:364,63,0,0
BRDA:364,63,1,0
BRDA:372,64,0,0
BRDA:372,64,1,0
BRDA:372,65,0,0
BRDA:372,65,1,0
BRDA:386,66,0,0
BRDA:386,66,1,0
BRDA:388,67,0,0
BRDA:388,67,1,0
BRDA:394,68,0,0
BRDA:394,68,1,0
BRDA:402,69,0,0
BRDA:402,69,1,0
BRDA:402,70,0,0
BRDA:402,70,1,0
BRF:142
BRH:0
end_of_record
TN:
SF:controllers\FriendlyMatchesPunishmentController.ts
FN:11,(anonymous_1)
FN:168,(anonymous_2)
FN:204,(anonymous_3)
FN:223,(anonymous_4)
FN:347,(anonymous_5)
FNF:5
FNH:1
FNDA:8,(anonymous_1)
FNDA:0,(anonymous_2)
FNDA:0,(anonymous_3)
FNDA:0,(anonymous_4)
FNDA:0,(anonymous_5)
DA:3,1
DA:4,1
DA:5,1
DA:6,1
DA:7,1
DA:8,1
DA:9,1
DA:11,1
DA:12,8
DA:13,8
DA:15,8
DA:16,1
DA:17,1
DA:20,7
DA:21,7
DA:22,7
DA:23,7
DA:24,7
DA:26,7
DA:27,7
DA:28,7
DA:31,0
DA:38,0
DA:39,0
DA:40,0
DA:43,0
DA:45,0
DA:46,0
DA:47,0
DA:50,0
DA:51,0
DA:53,0
DA:54,0
DA:56,0
DA:57,0
DA:58,0
DA:62,0
DA:66,0
DA:67,0
DA:68,0
DA:71,0
DA:72,0
DA:73,0
DA:75,0
DA:76,0
DA:77,0
DA:80,0
DA:82,0
DA:83,0
DA:84,0
DA:87,0
DA:88,0
DA:89,0
DA:90,0
DA:93,0
DA:94,0
DA:95,0
DA:96,0
DA:99,0
DA:100,0
DA:101,0
DA:102,0
DA:105,0
DA:106,0
DA:107,0
DA:110,0
DA:114,0
DA:115,0
DA:116,0
DA:119,0
DA:123,0
DA:127,0
DA:128,0
DA:129,0
DA:132,0
DA:136,0
DA:137,0
DA:138,0
DA:141,0
DA:147,0
DA:148,0
DA:150,0
DA:160,0
DA:162,0
DA:164,0
DA:168,1
DA:169,0
DA:170,0
DA:172,0
DA:173,0
DA:174,0
DA:177,0
DA:179,0
DA:180,0
DA:181,0
DA:182,0
DA:185,0
DA:195,0
DA:196,0
DA:204,0
DA:214,0
DA:216,0
DA:219,0
DA:223,1
DA:224,0
DA:225,0
DA:227,0
DA:228,0
DA:229,0
DA:232,0
DA:233,0
DA:234,0
DA:235,0
DA:236,0
DA:238,0
DA:240,0
DA:241,0
DA:242,0
DA:245,0
DA:246,0
DA:247,0
DA:249,0
DA:250,0
DA:251,0
DA:254,0
DA:256,0
DA:257,0
DA:258,0
DA:261,0
DA:263,0
DA:264,0
DA:266,0
DA:267,0
DA:268,0
DA:271,0
DA:275,0
DA:276,0
DA:277,0
DA:280,0
DA:283,0
DA:284,0
DA:287,0
DA:288,0
DA:291,0
DA:292,0
DA:293,0
DA:294,0
DA:295,0
DA:298,0
DA:299,0
DA:300,0
DA:301,0
DA:304,0
DA:305,0
DA:306,0
DA:309,0
DA:313,0
DA:317,0
DA:318,0
DA:319,0
DA:322,0
DA:326,0
DA:327,0
DA:328,0
DA:329,0
DA:330,0
DA:332,0
DA:341,0
DA:343,0
DA:347,1
DA:348,0
DA:349,0
DA:351,0
DA:352,0
DA:353,0
DA:356,0
DA:358,0
DA:360,0
DA:361,0
DA:362,0
DA:365,0
DA:366,0
DA:367,0
DA:369,0
DA:370,0
DA:371,0
DA:374,0
DA:381,0
DA:383,0
DA:384,0
DA:387,0
DA:389,0
DA:391,0
LF:193
LH:24
BRDA:15,0,0,1
BRDA:15,0,1,7
BRDA:26,1,0,7
BRDA:26,1,1,0
BRDA:26,2,0,7
BRDA:26,2,1,7
BRDA:26,2,2,0
BRDA:26,2,3,0
BRDA:26,2,4,0
BRDA:38,3,0,0
BRDA:38,3,1,0
BRDA:45,4,0,0
BRDA:45,4,1,0
BRDA:53,5,0,0
BRDA:53,5,1,0
BRDA:56,6,0,0
BRDA:56,6,1,0
BRDA:66,7,0,0
BRDA:66,7,1,0
BRDA:73,8,0,0
BRDA:73,8,1,0
BRDA:75,9,0,0
BRDA:75,9,1,0
BRDA:75,10,0,0
BRDA:75,10,1,0
BRDA:82,11,0,0
BRDA:82,11,1,0
BRDA:88,12,0,0
BRDA:88,12,1,0
BRDA:94,13,0,0
BRDA:94,13,1,0
BRDA:100,14,0,0
BRDA:100,14,1,0
BRDA:105,15,0,0
BRDA:105,15,1,0
BRDA:114,16,0,0
BRDA:114,16,1,0
BRDA:127,17,0,0
BRDA:127,17,1,0
BRDA:127,18,0,0
BRDA:127,18,1,0
BRDA:136,19,0,0
BRDA:136,19,1,0
BRDA:147,20,0,0
BRDA:147,20,1,0
BRDA:148,21,0,0
BRDA:148,21,1,0
BRDA:172,22,0,0
BRDA:172,22,1,0
BRDA:180,23,0,0
BRDA:180,23,1,0
BRDA:195,24,0,0
BRDA:195,24,1,0
BRDA:210,25,0,0
BRDA:210,25,1,0
BRDA:211,26,0,0
BRDA:211,26,1,0
BRDA:227,27,0,0
BRDA:227,27,1,0
BRDA:234,28,0,0
BRDA:234,28,1,0
BRDA:235,29,0,0
BRDA:235,29,1,0
BRDA:236,30,0,0
BRDA:236,30,1,0
BRDA:240,31,0,0
BRDA:240,31,1,0
BRDA:247,32,0,0
BRDA:247,32,1,0
BRDA:249,33,0,0
BRDA:249,33,1,0
BRDA:249,34,0,0
BRDA:249,34,1,0
BRDA:256,35,0,0
BRDA:256,35,1,0
BRDA:263,36,0,0
BRDA:263,36,1,0
BRDA:266,37,0,0
BRDA:266,37,1,0
BRDA:266,38,0,0
BRDA:266,38,1,0
BRDA:275,39,0,0
BRDA:275,39,1,0
BRDA:283,40,0,0
BRDA:283,40,1,0
BRDA:287,41,0,0
BRDA:287,41,1,0
BRDA:291,42,0,0
BRDA:291,42,1,0
BRDA:291,43,0,0
BRDA:291,43,1,0
BRDA:293,44,0,0
BRDA:293,44,1,0
BRDA:293,45,0,0
BRDA:293,45,1,0
BRDA:299,46,0,0
BRDA:299,46,1,0
BRDA:299,47,0,0
BRDA:299,47,1,0
BRDA:304,48,0,0
BRDA:304,48,1,0
BRDA:317,49,0,0
BRDA:317,49,1,0
BRDA:317,50,0,0
BRDA:317,50,1,0
BRDA:326,51,0,0
BRDA:326,51,1,0
BRDA:329,52,0,0
BRDA:329,52,1,0
BRDA:330,53,0,0
BRDA:330,53,1,0
BRDA:351,54,0,0
BRDA:351,54,1,0
BRDA:360,55,0,0
BRDA:360,55,1,0
BRDA:367,56,0,0
BRDA:367,56,1,0
BRDA:369,57,0,0
BRDA:369,57,1,0
BRDA:369,58,0,0
BRDA:369,58,1,0
BRDA:383,59,0,0
BRDA:383,59,1,0
BRF:123
BRH:5
end_of_record
TN:
SF:controllers\FriendlyMatchesRulesController.ts
FN:6,(anonymous_1)
FN:58,(anonymous_2)
FN:78,(anonymous_3)
FN:181,(anonymous_4)
FNF:4
FNH:0
FNDA:0,(anonymous_1)
FNDA:0,(anonymous_2)
FNDA:0,(anonymous_3)
FNDA:0,(anonymous_4)
DA:1,0
DA:2,0
DA:3,0
DA:6,0
DA:7,0
DA:8,0
DA:10,0
DA:11,0
DA:14,0
DA:15,0
DA:18,0
DA:19,0
DA:22,0
DA:23,0
DA:26,0
DA:27,0
DA:28,0
DA:31,0
DA:32,0
DA:33,0
DA:36,0
DA:45,0
DA:50,0
DA:51,0
DA:58,0
DA:59,0
DA:60,0
DA:62,0
DA:63,0
DA:64,0
DA:67,0
DA:68,0
DA:70,0
DA:71,0
DA:78,0
DA:79,0
DA:80,0
DA:81,0
DA:83,0
DA:84,0
DA:87,0
DA:88,0
DA:91,0
DA:92,0
DA:95,0
DA:96,0
DA:99,0
DA:100,0
DA:101,0
DA:104,0
DA:105,0
DA:106,0
DA:109,0
DA:117,0
DA:119,0
DA:120,0
DA:124,0
DA:125,0
DA:126,0
DA:127,0
DA:129,0
DA:131,0
DA:132,0
DA:133,0
DA:136,0
DA:137,0
DA:142,0
DA:143,0
DA:144,0
DA:148,0
DA:152,0
DA:153,0
DA:154,0
DA:158,0
DA:166,0
DA:171,0
DA:172,0
DA:181,0
DA:182,0
DA:183,0
DA:185,0
DA:186,0
DA:187,0
DA:190,0
DA:192,0
DA:193,0
LF:86
LH:0
BRDA:10,0,0,0
BRDA:10,0,1,0
BRDA:10,1,0,0
BRDA:10,1,1,0
BRDA:10,1,2,0
BRDA:10,1,3,0
BRDA:10,1,4,0
BRDA:14,2,0,0
BRDA:14,2,1,0
BRDA:14,3,0,0
BRDA:14,3,1,0
BRDA:18,4,0,0
BRDA:18,4,1,0
BRDA:22,5,0,0
BRDA:22,5,1,0
BRDA:27,6,0,0
BRDA:27,6,1,0
BRDA:32,7,0,0
BRDA:32,7,1,0
BRDA:39,8,0,0
BRDA:39,8,1,0
BRDA:53,9,0,0
BRDA:53,9,1,0
BRDA:63,10,0,0
BRDA:63,10,1,0
BRDA:73,11,0,0
BRDA:73,11,1,0
BRDA:83,12,0,0
BRDA:83,12,1,0
BRDA:83,13,0,0
BRDA:83,13,1,0
BRDA:83,13,2,0
BRDA:83,13,3,0
BRDA:87,14,0,0
BRDA:87,14,1,0
BRDA:87,15,0,0
BRDA:87,15,1,0
BRDA:91,16,0,0
BRDA:91,16,1,0
BRDA:95,17,0,0
BRDA:95,17,1,0
BRDA:100,18,0,0
BRDA:100,18,1,0
BRDA:105,19,0,0
BRDA:105,19,1,0
BRDA:111,20,0,0
BRDA:111,20,1,0
BRDA:119,21,0,0
BRDA:119,21,1,0
BRDA:126,22,0,0
BRDA:126,22,1,0
BRDA:127,23,0,0
BRDA:127,23,1,0
BRDA:131,24,0,0
BRDA:131,24,1,0
BRDA:132,25,0,0
BRDA:132,25,1,0
BRDA:132,26,0,0
BRDA:132,26,1,0
BRDA:132,26,2,0
BRDA:136,27,0,0
BRDA:136,27,1,0
BRDA:136,28,0,0
BRDA:136,28,1,0
BRDA:136,28,2,0
BRDA:142,29,0,0
BRDA:142,29,1,0
BRDA:143,30,0,0
BRDA:143,30,1,0
BRDA:152,31,0,0
BRDA:152,31,1,0
BRDA:153,32,0,0
BRDA:153,32,1,0
BRDA:174,33,0,0
BRDA:174,33,1,0
BRDA:186,34,0,0
BRDA:186,34,1,0
BRDA:195,35,0,0
BRDA:195,35,1,0
BRF:79
BRH:0
end_of_record
TN:
SF:controllers\MatchTeamsController.ts
FN:16,(anonymous_1)
FN:63,(anonymous_2)
FN:83,(anonymous_3)
FN:182,(anonymous_4)
FN:253,(anonymous_5)
FN:257,(anonymous_6)
FN:264,(anonymous_7)
FN:291,(anonymous_8)
FN:307,(anonymous_9)
FN:308,(anonymous_10)
FN:326,(anonymous_11)
FN:336,(anonymous_12)
FN:356,(anonymous_13)
FN:393,(anonymous_14)
FN:441,(anonymous_15)
FNF:15
FNH:0
FNDA:0,(anonymous_1)
FNDA:0,(anonymous_2)
FNDA:0,(anonymous_3)
FNDA:0,(anonymous_4)
FNDA:0,(anonymous_5)
FNDA:0,(anonymous_6)
FNDA:0,(anonymous_7)
FNDA:0,(anonymous_8)
FNDA:0,(anonymous_9)
FNDA:0,(anonymous_10)
FNDA:0,(anonymous_11)
FNDA:0,(anonymous_12)
FNDA:0,(anonymous_13)
FNDA:0,(anonymous_14)
FNDA:0,(anonymous_15)
DA:3,0
DA:4,0
DA:5,0
DA:6,0
DA:7,0
DA:8,0
DA:9,0
DA:10,0
DA:11,0
DA:12,0
DA:13,0
DA:14,0
DA:16,0
DA:17,0
DA:18,0
DA:19,0
DA:22,0
DA:23,0
DA:24,0
DA:25,0
DA:27,0
DA:29,0
DA:41,0
DA:42,0
DA:43,0
DA:46,0
DA:50,0
DA:52,0
DA:53,0
DA:54,0
DA:55,0
DA:58,0
DA:62,0
DA:63,0
DA:64,0
DA:73,0
DA:80,0
DA:83,0
DA:84,0
DA:85,0
DA:86,0
DA:88,0
DA:90,0
DA:91,0
DA:92,0
DA:95,0
DA:96,0
DA:97,0
DA:100,0
DA:104,0
DA:106,0
DA:108,0
DA:109,0
DA:110,0
DA:113,0
DA:114,0
DA:115,0
DA:118,0
DA:119,0
DA:120,0
DA:123,0
DA:124,0
DA:126,0
DA:127,0
DA:128,0
DA:131,0
DA:132,0
DA:133,0
DA:136,0
DA:138,0
DA:139,0
DA:141,0
DA:142,0
DA:143,0
DA:145,0
DA:146,0
DA:148,0
DA:149,0
DA:150,0
DA:155,0
DA:156,0
DA:157,0
DA:160,0
DA:163,0
DA:171,0
DA:172,0
DA:173,0
DA:176,0
DA:177,0
DA:178,0
DA:179,0
DA:182,0
DA:183,0
DA:185,0
DA:186,0
DA:187,0
DA:190,0
DA:191,0
DA:193,0
DA:194,0
DA:195,0
DA:197,0
DA:198,0
DA:199,0
DA:200,0
DA:202,0
DA:203,0
DA:204,0
DA:208,0
DA:209,0
DA:210,0
DA:214,0
DA:215,0
DA:220,0
DA:222,0
DA:223,0
DA:224,0
DA:225,0
DA:226,0
DA:236,0
DA:239,0
DA:240,0
DA:241,0
DA:244,0
DA:246,0
DA:247,0
DA:253,0
DA:254,0
DA:257,0
DA:258,0
DA:259,0
DA:264,0
DA:266,0
DA:267,0
DA:268,0
DA:271,0
DA:283,0
DA:285,0
DA:287,0
DA:288,0
DA:291,0
DA:292,0
DA:293,0
DA:295,0
DA:306,0
DA:307,0
DA:308,0
DA:317,0
DA:319,0
DA:320,0
DA:326,0
DA:327,0
DA:328,0
DA:336,0
DA:338,0
DA:347,0
DA:349,0
DA:350,0
DA:356,0
DA:357,0
DA:358,0
DA:359,0
DA:360,0
DA:362,0
DA:363,0
DA:364,0
DA:367,0
DA:368,0
DA:369,0
DA:370,0
DA:373,0
DA:374,0
DA:375,0
DA:376,0
DA:379,0
DA:380,0
DA:381,0
DA:383,0
DA:384,0
DA:385,0
DA:388,0
DA:389,0
DA:390,0
DA:392,0
DA:393,0
DA:394,0
DA:396,0
DA:397,0
DA:399,0
DA:400,0
DA:401,0
DA:404,0
DA:405,0
DA:406,0
DA:409,0
DA:410,0
DA:413,0
DA:414,0
DA:415,0
DA:416,0
DA:419,0
DA:421,0
DA:422,0
DA:423,0
DA:425,0
DA:426,0
DA:432,0
DA:434,0
DA:435,0
DA:441,0
DA:442,0
DA:443,0
DA:444,0
DA:446,0
DA:447,0
DA:449,0
DA:451,0
DA:452,0
DA:453,0
DA:456,0
DA:461,0
DA:463,0
DA:465,0
DA:466,0
DA:467,0
DA:471,0
DA:473,0
DA:474,0
DA:475,0
DA:477,0
DA:479,0
DA:480,0
DA:487,0
DA:489,0
DA:490,0
DA:495,0
DA:497,0
DA:498,0
LF:238
LH:0
BRDA:14,0,0,0
BRDA:14,0,1,0
BRDA:18,1,0,0
BRDA:18,1,1,0
BRDA:23,2,0,0
BRDA:23,2,1,0
BRDA:46,3,0,0
BRDA:46,3,1,0
BRDA:46,3,2,0
BRDA:50,4,0,0
BRDA:50,4,1,0
BRDA:52,5,0,0
BRDA:52,5,1,0
BRDA:58,6,0,0
BRDA:58,6,1,0
BRDA:58,6,2,0
BRDA:58,6,3,0
BRDA:58,6,4,0
BRDA:58,6,5,0
BRDA:62,7,0,0
BRDA:62,7,1,0
BRDA:90,8,0,0
BRDA:90,8,1,0
BRDA:90,9,0,0
BRDA:90,9,1,0
BRDA:95,10,0,0
BRDA:95,10,1,0
BRDA:104,11,0,0
BRDA:104,11,1,0
BRDA:108,12,0,0
BRDA:108,12,1,0
BRDA:113,13,0,0
BRDA:113,13,1,0
BRDA:118,14,0,0
BRDA:118,14,1,0
BRDA:126,15,0,0
BRDA:126,15,1,0
BRDA:131,16,0,0
BRDA:131,16,1,0
BRDA:138,17,0,0
BRDA:138,17,1,0
BRDA:141,18,0,0
BRDA:141,18,1,0
BRDA:148,19,0,0
BRDA:148,19,1,0
BRDA:156,20,0,0
BRDA:156,20,1,0
BRDA:158,21,0,0
BRDA:158,21,1,0
BRDA:171,22,0,0
BRDA:171,22,1,0
BRDA:177,23,0,0
BRDA:177,23,1,0
BRDA:183,24,0,0
BRDA:183,24,1,0
BRDA:185,25,0,0
BRDA:185,25,1,0
BRDA:185,26,0,0
BRDA:185,26,1,0
BRDA:193,27,0,0
BRDA:193,27,1,0
BRDA:197,28,0,0
BRDA:197,28,1,0
BRDA:197,29,0,0
BRDA:197,29,1,0
BRDA:198,30,0,0
BRDA:198,30,1,0
BRDA:202,31,0,0
BRDA:202,31,1,0
BRDA:208,32,0,0
BRDA:208,32,1,0
BRDA:224,33,0,0
BRDA:224,33,1,0
BRDA:224,34,0,0
BRDA:224,34,1,0
BRDA:230,35,0,0
BRDA:230,35,1,0
BRDA:230,36,0,0
BRDA:230,36,1,0
BRDA:240,37,0,0
BRDA:240,37,1,0
BRDA:249,38,0,0
BRDA:249,38,1,0
BRDA:266,39,0,0
BRDA:266,39,1,0
BRDA:322,40,0,0
BRDA:322,40,1,0
BRDA:352,41,0,0
BRDA:352,41,1,0
BRDA:362,42,0,0
BRDA:362,42,1,0
BRDA:362,43,0,0
BRDA:362,43,1,0
BRDA:368,44,0,0
BRDA:368,44,1,0
BRDA:374,45,0,0
BRDA:374,45,1,0
BRDA:381,46,0,0
BRDA:381,46,1,0
BRDA:383,47,0,0
BRDA:383,47,1,0
BRDA:394,48,0,0
BRDA:394,48,1,0
BRDA:394,49,0,0
BRDA:394,49,1,0
BRDA:397,50,0,0
BRDA:397,50,1,0
BRDA:399,51,0,0
BRDA:399,51,1,0
BRDA:399,52,0,0
BRDA:399,52,1,0
BRDA:399,52,2,0
BRDA:399,52,3,0
BRDA:404,53,0,0
BRDA:404,53,1,0
BRDA:404,54,0,0
BRDA:404,54,1,0
BRDA:404,54,2,0
BRDA:414,55,0,0
BRDA:414,55,1,0
BRDA:425,56,0,0
BRDA:425,56,1,0
BRDA:425,57,0,0
BRDA:425,57,1,0
BRDA:437,58,0,0
BRDA:437,58,1,0
BRDA:451,59,0,0
BRDA:451,59,1,0
BRDA:471,60,0,0
BRDA:471,60,1,0
BRDA:473,61,0,0
BRDA:473,61,1,0
BRDA:473,62,0,0
BRDA:473,62,1,0
BRDA:479,63,0,0
BRDA:479,63,1,0
BRDA:479,64,0,0
BRDA:479,64,1,0
BRDA:500,65,0,0
BRDA:500,65,1,0
BRF:140
BRH:0
end_of_record
TN:
SF:controllers\PlayerController.ts
FN:9,(anonymous_1)
FN:126,(anonymous_2)
FN:239,(anonymous_3)
FN:265,(anonymous_4)
FN:281,(anonymous_5)
FN:320,(anonymous_6)
FN:507,(anonymous_7)
FNF:7
FNH:0
FNDA:0,(anonymous_1)
FNDA:0,(anonymous_2)
FNDA:0,(anonymous_3)
FNDA:0,(anonymous_4)
FNDA:0,(anonymous_5)
FNDA:0,(anonymous_6)
FNDA:0,(anonymous_7)
DA:2,0
DA:3,0
DA:4,0
DA:8,0
DA:10,0
DA:11,0
DA:12,0
DA:14,0
DA:15,0
DA:16,0
DA:19,0
DA:20,0
DA:21,0
DA:22,0
DA:24,0
DA:25,0
DA:43,0
DA:44,0
DA:48,0
DA:53,0
DA:68,0
DA:69,0
DA:78,0
DA:79,0
DA:81,0
DA:82,0
DA:83,0
DA:86,0
DA:87,0
DA:88,0
DA:91,0
DA:98,0
DA:99,0
DA:103,0
DA:106,0
DA:112,0
DA:122,0
DA:127,0
DA:128,0
DA:129,0
DA:131,0
DA:132,0
DA:133,0
DA:136,0
DA:138,0
DA:139,0
DA:140,0
DA:143,0
DA:144,0
DA:145,0
DA:148,0
DA:149,0
DA:151,0
DA:152,0
DA:153,0
DA:156,0
DA:174,0
DA:175,0
DA:179,0
DA:183,0
DA:184,0
DA:186,0
DA:204,0
DA:205,0
DA:209,0
DA:213,0
DA:220,0
DA:221,0
DA:225,0
DA:228,0
DA:233,0
DA:235,0
DA:240,0
DA:241,0
DA:242,0
DA:244,0
DA:245,0
DA:246,0
DA:249,0
DA:260,0
DA:261,0
DA:262,0
DA:265,0
DA:275,0
DA:277,0
DA:282,0
DA:283,0
DA:284,0
DA:286,0
DA:287,0
DA:288,0
DA:291,0
DA:293,0
DA:294,0
DA:295,0
DA:298,0
DA:299,0
DA:300,0
DA:303,0
DA:310,0
DA:311,0
DA:312,0
DA:315,0
DA:317,0
DA:321,0
DA:322,0
DA:323,0
DA:325,0
DA:326,0
DA:327,0
DA:330,0
DA:332,0
DA:333,0
DA:334,0
DA:337,0
DA:338,0
DA:339,0
DA:342,0
DA:344,0
DA:345,0
DA:346,0
DA:349,0
DA:350,0
DA:352,0
DA:353,0
DA:354,0
DA:355,0
DA:360,0
DA:363,0
DA:365,0
DA:367,0
DA:383,0
DA:385,0
DA:392,0
DA:393,0
DA:399,0
DA:408,0
DA:412,0
DA:420,0
DA:425,0
DA:436,0
DA:438,0
DA:439,0
DA:444,0
DA:447,0
DA:450,0
DA:457,0
DA:468,0
DA:476,0
DA:477,0
DA:483,0
DA:486,0
DA:487,0
DA:494,0
DA:497,0
DA:503,0
DA:508,0
DA:509,0
DA:510,0
DA:512,0
DA:513,0
DA:514,0
DA:517,0
DA:519,0
DA:520,0
DA:521,0
DA:524,0
DA:539,0
DA:540,0
DA:541,0
DA:544,0
DA:550,0
DA:552,0
DA:554,0
LF:174
LH:0
BRDA:14,0,0,0
BRDA:14,0,1,0
BRDA:19,1,0,0
BRDA:19,1,1,0
BRDA:19,2,0,0
BRDA:19,2,1,0
BRDA:19,2,2,0
BRDA:19,2,3,0
BRDA:24,3,0,0
BRDA:24,3,1,0
BRDA:43,4,0,0
BRDA:43,4,1,0
BRDA:68,5,0,0
BRDA:68,5,1,0
BRDA:78,6,0,0
BRDA:78,6,1,0
BRDA:81,7,0,0
BRDA:81,7,1,0
BRDA:86,8,0,0
BRDA:86,8,1,0
BRDA:98,9,0,0
BRDA:98,9,1,0
BRDA:131,10,0,0
BRDA:131,10,1,0
BRDA:138,11,0,0
BRDA:138,11,1,0
BRDA:143,12,0,0
BRDA:143,12,1,0
BRDA:148,13,0,0
BRDA:148,13,1,0
BRDA:151,14,0,0
BRDA:151,14,1,0
BRDA:174,15,0,0
BRDA:174,15,1,0
BRDA:183,16,0,0
BRDA:183,16,1,0
BRDA:204,17,0,0
BRDA:204,17,1,0
BRDA:220,18,0,0
BRDA:220,18,1,0
BRDA:244,19,0,0
BRDA:244,19,1,0
BRDA:260,20,0,0
BRDA:260,20,1,0
BRDA:265,21,0,0
BRDA:265,21,1,0
BRDA:286,22,0,0
BRDA:286,22,1,0
BRDA:293,23,0,0
BRDA:293,23,1,0
BRDA:298,24,0,0
BRDA:298,24,1,0
BRDA:310,25,0,0
BRDA:310,25,1,0
BRDA:325,26,0,0
BRDA:325,26,1,0
BRDA:332,27,0,0
BRDA:332,27,1,0
BRDA:337,28,0,0
BRDA:337,28,1,0
BRDA:344,29,0,0
BRDA:344,29,1,0
BRDA:344,30,0,0
BRDA:344,30,1,0
BRDA:354,31,0,0
BRDA:354,31,1,0
BRDA:354,32,0,0
BRDA:354,32,1,0
BRDA:354,32,2,0
BRDA:354,32,3,0
BRDA:356,33,0,0
BRDA:356,33,1,0
BRDA:365,34,0,0
BRDA:365,34,1,0
BRDA:383,35,0,0
BRDA:383,35,1,0
BRDA:383,36,0,0
BRDA:383,36,1,0
BRDA:383,36,2,0
BRDA:392,37,0,0
BRDA:392,37,1,0
BRDA:438,38,0,0
BRDA:438,38,1,0
BRDA:440,39,0,0
BRDA:440,39,1,0
BRDA:469,40,0,0
BRDA:469,40,1,0
BRDA:471,41,0,0
BRDA:471,41,1,0
BRDA:476,42,0,0
BRDA:476,42,1,0
BRDA:476,43,0,0
BRDA:476,43,1,0
BRDA:486,44,0,0
BRDA:486,44,1,0
BRDA:486,45,0,0
BRDA:486,45,1,0
BRDA:512,46,0,0
BRDA:512,46,1,0
BRDA:519,47,0,0
BRDA:519,47,1,0
BRDA:539,48,0,0
BRDA:539,48,1,0
BRF:103
BRH:0
end_of_record
TN:
SF:controllers\TeamController.ts
FN:15,(anonymous_10)
FN:240,(anonymous_11)
FN:276,(anonymous_12)
FN:309,(anonymous_13)
FN:326,(anonymous_14)
FN:393,(anonymous_15)
FN:394,(anonymous_16)
FN:400,(anonymous_17)
FN:423,(anonymous_18)
FN:466,(anonymous_19)
FN:487,(anonymous_20)
FN:593,(anonymous_21)
FN:644,(anonymous_22)
FN:689,(anonymous_23)
FN:712,(anonymous_24)
FN:734,(anonymous_25)
FN:775,(anonymous_26)
FN:823,(anonymous_27)
FN:842,(anonymous_28)
FN:858,(anonymous_29)
FN:866,(anonymous_30)
FN:874,(anonymous_31)
FN:874,(anonymous_32)
FN:879,(anonymous_33)
FN:893,(anonymous_34)
FN:901,(anonymous_35)
FN:910,(anonymous_36)
FN:921,(anonymous_37)
FN:923,(anonymous_38)
FN:925,(anonymous_39)
FN:927,(anonymous_40)
FN:942,(anonymous_41)
FN:950,(anonymous_42)
FN:1007,(anonymous_43)
FN:1021,(anonymous_44)
FN:1022,(anonymous_45)
FN:1025,(anonymous_46)
FNF:37
FNH:1
FNDA:7,(anonymous_10)
FNDA:0,(anonymous_11)
FNDA:0,(anonymous_12)
FNDA:0,(anonymous_13)
FNDA:0,(anonymous_14)
FNDA:0,(anonymous_15)
FNDA:0,(anonymous_16)
FNDA:0,(anonymous_17)
FNDA:0,(anonymous_18)
FNDA:0,(anonymous_19)
FNDA:0,(anonymous_20)
FNDA:0,(anonymous_21)
FNDA:0,(anonymous_22)
FNDA:0,(anonymous_23)
FNDA:0,(anonymous_24)
FNDA:0,(anonymous_25)
FNDA:0,(anonymous_26)
FNDA:0,(anonymous_27)
FNDA:0,(anonymous_28)
FNDA:0,(anonymous_29)
FNDA:0,(anonymous_30)
FNDA:0,(anonymous_31)
FNDA:0,(anonymous_32)
FNDA:0,(anonymous_33)
FNDA:0,(anonymous_34)
FNDA:0,(anonymous_35)
FNDA:0,(anonymous_36)
FNDA:0,(anonymous_37)
FNDA:0,(anonymous_38)
FNDA:0,(anonymous_39)
FNDA:0,(anonymous_40)
FNDA:0,(anonymous_41)
FNDA:0,(anonymous_42)
FNDA:0,(anonymous_43)
FNDA:0,(anonymous_44)
FNDA:0,(anonymous_45)
FNDA:0,(anonymous_46)
DA:2,1
DA:3,1
DA:4,1
DA:5,1
DA:6,1
DA:7,1
DA:8,1
DA:10,1
DA:11,1
DA:12,1
DA:14,1
DA:16,7
DA:17,7
DA:18,7
DA:27,7
DA:34,7
DA:35,7
DA:36,7
DA:38,7
DA:39,1
DA:40,1
DA:41,1
DA:44,6
DA:45,4
DA:49,4
DA:50,1
DA:51,1
DA:55,5
DA:58,5
DA:59,0
DA:60,0
DA:61,0
DA:63,0
DA:64,0
DA:69,5
DA:70,5
DA:71,5
DA:74,5
DA:75,5
DA:76,0
DA:77,0
DA:81,5
DA:82,1
DA:83,1
DA:84,1
DA:88,4
DA:89,4
DA:91,4
DA:95,4
DA:96,0
DA:97,0
DA:100,4
DA:104,4
DA:105,0
DA:106,0
DA:107,0
DA:121,0
DA:122,0
DA:124,0
DA:125,0
DA:126,0
DA:131,0
DA:132,0
DA:133,0
DA:134,0
DA:136,0
DA:140,0
DA:152,0
DA:153,0
DA:154,0
DA:157,0
DA:158,0
DA:159,0
DA:162,4
DA:175,4
DA:187,4
DA:190,4
DA:191,4
DA:193,4
DA:194,4
DA:195,4
DA:200,0
DA:201,0
DA:202,0
DA:203,0
DA:204,0
DA:206,0
DA:207,0
DA:211,0
DA:223,0
DA:224,0
DA:225,0
DA:228,0
DA:229,0
DA:231,4
DA:232,4
DA:233,4
DA:234,4
DA:235,4
DA:236,4
DA:239,4
DA:240,0
DA:241,0
DA:246,0
DA:250,4
DA:251,0
DA:256,0
DA:260,4
DA:261,0
DA:265,0
DA:268,4
DA:277,0
DA:278,0
DA:279,0
DA:280,0
DA:281,0
DA:284,0
DA:285,0
DA:286,0
DA:287,0
DA:290,0
DA:309,0
DA:316,0
DA:318,0
DA:319,0
DA:327,0
DA:328,0
DA:329,0
DA:330,0
DA:331,0
DA:334,0
DA:363,0
DA:391,0
DA:393,0
DA:394,0
DA:395,0
DA:399,0
DA:401,0
DA:402,0
DA:403,0
DA:408,0
DA:417,0
DA:419,0
DA:424,0
DA:425,0
DA:426,0
DA:428,0
DA:429,0
DA:430,0
DA:433,0
DA:460,0
DA:461,0
DA:462,0
DA:465,0
DA:466,0
DA:468,0
DA:469,0
DA:470,0
DA:473,0
DA:475,0
DA:481,0
DA:483,0
DA:488,0
DA:489,0
DA:490,0
DA:491,0
DA:495,0
DA:496,0
DA:497,0
DA:500,0
DA:501,0
DA:502,0
DA:505,0
DA:506,0
DA:513,0
DA:514,0
DA:515,0
DA:519,0
DA:520,0
DA:522,0
DA:523,0
DA:524,0
DA:525,0
DA:527,0
DA:531,0
DA:532,0
DA:533,0
DA:534,0
DA:535,0
DA:536,0
DA:539,0
DA:542,0
DA:553,0
DA:554,0
DA:557,0
DA:559,0
DA:560,0
DA:563,0
DA:576,0
DA:577,0
DA:578,0
DA:581,0
DA:582,0
DA:587,0
DA:589,0
DA:594,0
DA:595,0
DA:596,0
DA:597,0
DA:598,0
DA:599,0
DA:600,0
DA:603,0
DA:606,0
DA:613,0
DA:614,0
DA:615,0
DA:618,0
DA:619,0
DA:620,0
DA:623,0
DA:629,0
DA:630,0
DA:631,0
DA:639,0
DA:640,0
DA:645,0
DA:646,0
DA:647,0
DA:649,0
DA:650,0
DA:651,0
DA:654,0
DA:660,0
DA:661,0
DA:662,0
DA:665,0
DA:666,0
DA:667,0
DA:670,0
DA:677,0
DA:678,0
DA:679,0
DA:682,0
DA:684,0
DA:686,0
DA:690,0
DA:691,0
DA:692,0
DA:694,0
DA:695,0
DA:696,0
DA:699,0
DA:706,0
DA:708,0
DA:713,0
DA:714,0
DA:715,0
DA:716,0
DA:717,0
DA:719,0
DA:721,0
DA:722,0
DA:723,0
DA:726,0
DA:732,0
DA:734,0
DA:735,0
DA:737,0
DA:738,0
DA:739,0
DA:740,0
DA:741,0
DA:742,0
DA:743,0
DA:744,0
DA:746,0
DA:750,0
DA:752,0
DA:754,0
DA:775,0
DA:776,0
DA:777,0
DA:778,0
DA:779,0
DA:780,0
DA:782,0
DA:783,0
DA:784,0
DA:785,0
DA:786,0
DA:787,0
DA:789,0
DA:791,0
DA:792,0
DA:793,0
DA:795,0
DA:796,0
DA:797,0
DA:798,0
DA:799,0
DA:800,0
DA:802,0
DA:805,0
DA:806,0
DA:808,0
DA:811,0
DA:823,0
DA:824,0
DA:825,0
DA:827,0
DA:831,0
DA:833,0
DA:834,0
DA:835,0
DA:843,0
DA:844,0
DA:845,0
DA:846,0
DA:847,0
DA:849,0
DA:856,0
DA:857,0
DA:858,0
DA:859,0
DA:861,0
DA:866,0
DA:867,0
DA:869,0
DA:874,0
DA:875,0
DA:876,0
DA:879,0
DA:890,0
DA:893,0
DA:901,0
DA:910,0
DA:920,0
DA:921,0
DA:922,0
DA:923,0
DA:924,0
DA:925,0
DA:927,0
DA:928,0
DA:929,0
DA:930,0
DA:931,0
DA:932,0
DA:942,0
DA:944,0
DA:946,0
DA:951,0
DA:952,0
DA:953,0
DA:954,0
DA:955,0
DA:956,0
DA:959,0
DA:960,0
DA:961,0
DA:965,0
DA:966,0
DA:967,0
DA:968,0
DA:970,0
DA:971,0
DA:977,0
DA:980,0
DA:981,0
DA:989,0
DA:990,0
DA:992,0
DA:993,0
DA:1001,0
DA:1002,0
DA:1008,0
DA:1020,0
DA:1021,0
DA:1022,0
DA:1024,0
DA:1025,0
DA:1027,0
DA:1028,0
DA:1029,0
DA:1030,0
DA:1035,0
DA:1036,0
DA:1037,0
LF:389
LH:62
BRDA:27,0,0,0
BRDA:27,0,1,7
BRDA:38,1,0,1
BRDA:38,1,1,6
BRDA:44,2,0,4
BRDA:44,2,1,2
BRDA:49,3,0,1
BRDA:49,3,1,3
BRDA:58,4,0,0
BRDA:58,4,1,5
BRDA:69,5,0,5
BRDA:69,5,1,0
BRDA:75,6,0,0
BRDA:75,6,1,5
BRDA:81,7,0,1
BRDA:81,7,1,4
BRDA:81,8,0,5
BRDA:81,8,1,4
BRDA:88,9,0,0
BRDA:88,9,1,4
BRDA:88,10,0,4
BRDA:88,10,1,0
BRDA:95,11,0,0
BRDA:95,11,1,4
BRDA:104,12,0,0
BRDA:104,12,1,4
BRDA:108,13,0,0
BRDA:108,13,1,0
BRDA:112,14,0,0
BRDA:112,14,1,0
BRDA:113,15,0,0
BRDA:113,15,1,0
BRDA:115,16,0,0
BRDA:115,16,1,0
BRDA:116,17,0,0
BRDA:116,17,1,0
BRDA:125,18,0,0
BRDA:125,18,1,0
BRDA:131,19,0,0
BRDA:131,19,1,0
BRDA:131,20,0,0
BRDA:131,20,1,0
BRDA:131,20,2,0
BRDA:152,21,0,0
BRDA:152,21,1,0
BRDA:164,22,0,4
BRDA:164,22,1,4
BRDA:166,23,0,4
BRDA:166,23,1,4
BRDA:167,24,0,4
BRDA:167,24,1,4
BRDA:170,25,0,4
BRDA:170,25,1,4
BRDA:171,26,0,4
BRDA:171,26,1,0
BRDA:177,27,0,4
BRDA:177,27,1,4
BRDA:179,28,0,4
BRDA:179,28,1,4
BRDA:180,29,0,4
BRDA:180,29,1,4
BRDA:183,30,0,4
BRDA:183,30,1,4
BRDA:184,31,0,4
BRDA:184,31,1,0
BRDA:194,32,0,4
BRDA:194,32,1,0
BRDA:200,33,0,0
BRDA:200,33,1,0
BRDA:200,34,0,0
BRDA:200,34,1,0
BRDA:200,34,2,0
BRDA:223,35,0,0
BRDA:223,35,1,0
BRDA:239,36,0,0
BRDA:239,36,1,4
BRDA:240,37,0,0
BRDA:240,37,1,0
BRDA:250,38,0,0
BRDA:250,38,1,4
BRDA:260,39,0,0
BRDA:260,39,1,4
BRDA:270,40,0,4
BRDA:270,40,1,0
BRDA:271,41,0,0
BRDA:271,41,1,4
BRDA:279,42,0,0
BRDA:279,42,1,0
BRDA:285,43,0,0
BRDA:285,43,1,0
BRDA:285,44,0,0
BRDA:285,44,1,0
BRDA:312,45,0,0
BRDA:312,45,1,0
BRDA:329,46,0,0
BRDA:329,46,1,0
BRDA:394,47,0,0
BRDA:394,47,1,0
BRDA:410,48,0,0
BRDA:410,48,1,0
BRDA:428,49,0,0
BRDA:428,49,1,0
BRDA:460,50,0,0
BRDA:460,50,1,0
BRDA:468,51,0,0
BRDA:468,51,1,0
BRDA:468,52,0,0
BRDA:468,52,1,0
BRDA:477,53,0,0
BRDA:477,53,1,0
BRDA:495,54,0,0
BRDA:495,54,1,0
BRDA:500,55,0,0
BRDA:500,55,1,0
BRDA:505,56,0,0
BRDA:505,56,1,0
BRDA:513,57,0,0
BRDA:513,57,1,0
BRDA:523,58,0,0
BRDA:523,58,1,0
BRDA:532,59,0,0
BRDA:532,59,1,0
BRDA:533,60,0,0
BRDA:533,60,1,0
BRDA:535,61,0,0
BRDA:535,61,1,0
BRDA:553,62,0,0
BRDA:553,62,1,0
BRDA:559,63,0,0
BRDA:559,63,1,0
BRDA:576,64,0,0
BRDA:576,64,1,0
BRDA:584,65,0,0
BRDA:584,65,1,0
BRDA:599,66,0,0
BRDA:599,66,1,0
BRDA:613,67,0,0
BRDA:613,67,1,0
BRDA:618,68,0,0
BRDA:618,68,1,0
BRDA:649,69,0,0
BRDA:649,69,1,0
BRDA:660,70,0,0
BRDA:660,70,1,0
BRDA:665,71,0,0
BRDA:665,71,1,0
BRDA:677,72,0,0
BRDA:677,72,1,0
BRDA:694,73,0,0
BRDA:694,73,1,0
BRDA:721,74,0,0
BRDA:721,74,1,0
BRDA:750,75,0,0
BRDA:750,75,1,0
BRDA:776,76,0,0
BRDA:776,76,1,0
BRDA:777,77,0,0
BRDA:777,77,1,0
BRDA:778,78,0,0
BRDA:778,78,1,0
BRDA:782,79,0,0
BRDA:782,79,1,0
BRDA:785,80,0,0
BRDA:785,80,1,0
BRDA:791,81,0,0
BRDA:791,81,1,0
BRDA:792,82,0,0
BRDA:792,82,1,0
BRDA:793,83,0,0
BRDA:793,83,1,0
BRDA:795,84,0,0
BRDA:795,84,1,0
BRDA:798,85,0,0
BRDA:798,85,1,0
BRDA:824,86,0,0
BRDA:824,86,1,0
BRDA:847,87,0,0
BRDA:847,87,1,0
BRDA:856,88,0,0
BRDA:856,88,1,0
BRDA:859,89,0,0
BRDA:859,89,1,0
BRDA:859,90,0,0
BRDA:859,90,1,0
BRDA:867,91,0,0
BRDA:867,91,1,0
BRDA:875,92,0,0
BRDA:875,92,1,0
BRDA:881,93,0,0
BRDA:881,93,1,0
BRDA:882,94,0,0
BRDA:882,94,1,0
BRDA:883,95,0,0
BRDA:883,95,1,0
BRDA:929,96,0,0
BRDA:929,96,1,0
BRDA:930,97,0,0
BRDA:930,97,1,0
BRDA:931,98,0,0
BRDA:931,98,1,0
BRDA:934,99,0,0
BRDA:934,99,1,0
BRDA:935,100,0,0
BRDA:935,100,1,0
BRDA:936,101,0,0
BRDA:936,101,1,0
BRDA:942,102,0,0
BRDA:942,102,1,0
BRDA:942,102,2,0
BRDA:953,103,0,0
BRDA:953,103,1,0
BRDA:955,104,0,0
BRDA:955,104,1,0
BRDA:955,105,0,0
BRDA:955,105,1,0
BRDA:959,106,0,0
BRDA:959,106,1,0
BRDA:965,107,0,0
BRDA:965,107,1,0
BRDA:965,107,2,0
BRDA:966,108,0,0
BRDA:966,108,1,0
BRDA:966,108,2,0
BRDA:967,109,0,0
BRDA:967,109,1,0
BRDA:967,109,2,0
BRDA:968,110,0,0
BRDA:968,110,1,0
BRDA:968,110,2,0
BRDA:970,111,0,0
BRDA:970,111,1,0
BRDA:970,112,0,0
BRDA:970,112,1,0
BRDA:970,112,2,0
BRDA:970,112,3,0
BRDA:972,113,0,0
BRDA:972,113,1,0
BRDA:973,114,0,0
BRDA:973,114,1,0
BRDA:974,115,0,0
BRDA:974,115,1,0
BRDA:975,116,0,0
BRDA:975,116,1,0
BRDA:1027,117,0,0
BRDA:1027,117,1,0
BRDA:1029,118,0,0
BRDA:1029,118,1,0
BRDA:1029,119,0,0
BRDA:1029,119,1,0
BRDA:1036,120,0,0
BRDA:1036,120,1,0
BRF:251
BRH:42
end_of_record
TN:
SF:controllers\TeamHistoryController.ts
FN:16,(anonymous_1)
FN:77,(anonymous_2)
FN:146,(anonymous_3)
FN:188,(anonymous_4)
FN:207,(anonymous_5)
FN:259,(anonymous_6)
FN:328,(anonymous_7)
FN:336,(anonymous_8)
FN:365,(anonymous_9)
FN:434,(anonymous_10)
FN:442,(anonymous_11)
FN:471,(anonymous_12)
FN:511,(anonymous_13)
FN:551,(anonymous_14)
FN:591,(anonymous_15)
FNF:15
FNH:0
FNDA:0,(anonymous_1)
FNDA:0,(anonymous_2)
FNDA:0,(anonymous_3)
FNDA:0,(anonymous_4)
FNDA:0,(anonymous_5)
FNDA:0,(anonymous_6)
FNDA:0,(anonymous_7)
FNDA:0,(anonymous_8)
FNDA:0,(anonymous_9)
FNDA:0,(anonymous_10)
FNDA:0,(anonymous_11)
FNDA:0,(anonymous_12)
FNDA:0,(anonymous_13)
FNDA:0,(anonymous_14)
FNDA:0,(anonymous_15)
DA:3,0
DA:4,0
DA:5,0
DA:6,0
DA:7,0
DA:8,0
DA:9,0
DA:10,0
DA:11,0
DA:12,0
DA:13,0
DA:14,0
DA:16,0
DA:17,0
DA:18,0
DA:19,0
DA:21,0
DA:23,0
DA:24,0
DA:25,0
DA:28,0
DA:29,0
DA:30,0
DA:33,0
DA:34,0
DA:62,0
DA:63,0
DA:64,0
DA:67,0
DA:69,0
DA:70,0
DA:71,0
DA:77,0
DA:78,0
DA:79,0
DA:80,0
DA:81,0
DA:83,0
DA:85,0
DA:86,0
DA:87,0
DA:90,0
DA:91,0
DA:92,0
DA:95,0
DA:96,0
DA:133,0
DA:134,0
DA:136,0
DA:138,0
DA:139,0
DA:140,0
DA:146,0
DA:147,0
DA:148,0
DA:149,0
DA:151,0
DA:152,0
DA:153,0
DA:155,0
DA:188,0
DA:189,0
DA:201,0
DA:203,0
DA:207,0
DA:208,0
DA:209,0
DA:210,0
DA:211,0
DA:212,0
DA:215,0
DA:217,0
DA:218,0
DA:219,0
DA:222,0
DA:223,0
DA:224,0
DA:225,0
DA:228,0
DA:232,0
DA:233,0
DA:234,0
DA:237,0
DA:246,0
DA:248,0
DA:250,0
DA:251,0
DA:252,0
DA:259,0
DA:260,0
DA:261,0
DA:262,0
DA:264,0
DA:265,0
DA:266,0
DA:269,0
DA:285,0
DA:286,0
DA:287,0
DA:290,0
DA:309,0
DA:328,0
DA:336,0
DA:345,0
DA:359,0
DA:361,0
DA:365,0
DA:366,0
DA:367,0
DA:368,0
DA:370,0
DA:371,0
DA:372,0
DA:375,0
DA:391,0
DA:392,0
DA:393,0
DA:396,0
DA:415,0
DA:434,0
DA:442,0
DA:451,0
DA:465,0
DA:467,0
DA:471,0
DA:472,0
DA:473,0
DA:474,0
DA:476,0
DA:477,0
DA:478,0
DA:481,0
DA:485,0
DA:486,0
DA:487,0
DA:490,0
DA:494,0
DA:498,0
DA:500,0
DA:501,0
DA:502,0
DA:505,0
DA:507,0
DA:511,0
DA:512,0
DA:513,0
DA:514,0
DA:516,0
DA:517,0
DA:518,0
DA:521,0
DA:525,0
DA:526,0
DA:527,0
DA:530,0
DA:534,0
DA:538,0
DA:540,0
DA:541,0
DA:542,0
DA:545,0
DA:547,0
DA:551,0
DA:552,0
DA:553,0
DA:554,0
DA:556,0
DA:557,0
DA:558,0
DA:561,0
DA:565,0
DA:566,0
DA:567,0
DA:570,0
DA:577,0
DA:581,0
DA:585,0
DA:587,0
DA:591,0
DA:592,0
DA:593,0
DA:594,0
DA:596,0
DA:597,0
DA:598,0
DA:601,0
DA:605,0
DA:606,0
DA:607,0
DA:610,0
DA:617,0
DA:621,0
DA:625,0
DA:627,0
LF:194
LH:0
BRDA:23,0,0,0
BRDA:23,0,1,0
BRDA:28,1,0,0
BRDA:28,1,1,0
BRDA:28,2,0,0
BRDA:28,2,1,0
BRDA:63,3,0,0
BRDA:63,3,1,0
BRDA:70,4,0,0
BRDA:70,4,1,0
BRDA:73,5,0,0
BRDA:73,5,1,0
BRDA:80,6,0,0
BRDA:80,6,1,0
BRDA:85,7,0,0
BRDA:85,7,1,0
BRDA:90,8,0,0
BRDA:90,8,1,0
BRDA:90,9,0,0
BRDA:90,9,1,0
BRDA:109,10,0,0
BRDA:109,10,1,0
BRDA:139,11,0,0
BRDA:139,11,1,0
BRDA:142,12,0,0
BRDA:142,12,1,0
BRDA:151,13,0,0
BRDA:151,13,1,0
BRDA:167,14,0,0
BRDA:167,14,1,0
BRDA:210,15,0,0
BRDA:210,15,1,0
BRDA:217,16,0,0
BRDA:217,16,1,0
BRDA:223,17,0,0
BRDA:223,17,1,0
BRDA:232,18,0,0
BRDA:232,18,1,0
BRDA:241,19,0,0
BRDA:241,19,1,0
BRDA:241,19,2,0
BRDA:242,20,0,0
BRDA:242,20,1,0
BRDA:242,20,2,0
BRDA:251,21,0,0
BRDA:251,21,1,0
BRDA:254,22,0,0
BRDA:254,22,1,0
BRDA:264,23,0,0
BRDA:264,23,1,0
BRDA:285,24,0,0
BRDA:285,24,1,0
BRDA:330,25,0,0
BRDA:330,25,1,0
BRDA:331,26,0,0
BRDA:331,26,1,0
BRDA:332,27,0,0
BRDA:332,27,1,0
BRDA:333,28,0,0
BRDA:333,28,1,0
BRDA:338,29,0,0
BRDA:338,29,1,0
BRDA:339,30,0,0
BRDA:339,30,1,0
BRDA:340,31,0,0
BRDA:340,31,1,0
BRDA:341,32,0,0
BRDA:341,32,1,0
BRDA:342,33,0,0
BRDA:342,33,1,0
BRDA:349,34,0,0
BRDA:349,34,1,0
BRDA:350,35,0,0
BRDA:350,35,1,0
BRDA:370,36,0,0
BRDA:370,36,1,0
BRDA:391,37,0,0
BRDA:391,37,1,0
BRDA:436,38,0,0
BRDA:436,38,1,0
BRDA:437,39,0,0
BRDA:437,39,1,0
BRDA:438,40,0,0
BRDA:438,40,1,0
BRDA:439,41,0,0
BRDA:439,41,1,0
BRDA:444,42,0,0
BRDA:444,42,1,0
BRDA:445,43,0,0
BRDA:445,43,1,0
BRDA:446,44,0,0
BRDA:446,44,1,0
BRDA:447,45,0,0
BRDA:447,45,1,0
BRDA:448,46,0,0
BRDA:448,46,1,0
BRDA:455,47,0,0
BRDA:455,47,1,0
BRDA:456,48,0,0
BRDA:456,48,1,0
BRDA:476,49,0,0
BRDA:476,49,1,0
BRDA:485,50,0,0
BRDA:485,50,1,0
BRDA:501,51,0,0
BRDA:501,51,1,0
BRDA:501,52,0,0
BRDA:501,52,1,0
BRDA:516,53,0,0
BRDA:516,53,1,0
BRDA:525,54,0,0
BRDA:525,54,1,0
BRDA:541,55,0,0
BRDA:541,55,1,0
BRDA:541,56,0,0
BRDA:541,56,1,0
BRDA:556,57,0,0
BRDA:556,57,1,0
BRDA:565,58,0,0
BRDA:565,58,1,0
BRDA:573,59,0,0
BRDA:573,59,1,0
BRDA:573,59,2,0
BRDA:574,60,0,0
BRDA:574,60,1,0
BRDA:574,60,2,0
BRDA:596,61,0,0
BRDA:596,61,1,0
BRDA:605,62,0,0
BRDA:605,62,1,0
BRDA:613,63,0,0
BRDA:613,63,1,0
BRDA:613,63,2,0
BRDA:614,64,0,0
BRDA:614,64,1,0
BRDA:614,64,2,0
BRF:136
BRH:0
end_of_record
TN:
SF:controllers\TeamPlayersController.ts
FN:6,(anonymous_1)
FN:12,(anonymous_2)
FN:33,(anonymous_3)
FN:34,(anonymous_4)
FN:45,(anonymous_5)
FN:50,(anonymous_6)
FN:58,(anonymous_7)
FN:71,(anonymous_8)
FN:91,(anonymous_9)
FNF:9
FNH:0
FNDA:0,(anonymous_1)
FNDA:0,(anonymous_2)
FNDA:0,(anonymous_3)
FNDA:0,(anonymous_4)
FNDA:0,(anonymous_5)
FNDA:0,(anonymous_6)
FNDA:0,(anonymous_7)
FNDA:0,(anonymous_8)
FNDA:0,(anonymous_9)
DA:1,0
DA:2,0
DA:6,0
DA:7,0
DA:8,0
DA:9,0
DA:11,0
DA:13,0
DA:15,0
DA:22,0
DA:23,0
DA:27,0
DA:29,0
DA:33,0
DA:34,0
DA:36,0
DA:37,0
DA:41,0
DA:42,0
DA:45,0
DA:48,0
DA:50,0
DA:54,0
DA:58,0
DA:59,0
DA:60,0
DA:62,0
DA:71,0
DA:72,0
DA:73,0
DA:85,0
DA:87,0
DA:91,0
DA:92,0
DA:93,0
DA:95,0
DA:96,0
DA:103,0
DA:104,0
DA:106,0
DA:109,0
DA:113,0
DA:114,0
DA:119,0
DA:123,0
LF:45
LH:0
BRDA:9,0,0,0
BRDA:9,0,1,0
BRDA:22,1,0,0
BRDA:22,1,1,0
BRDA:29,2,0,0
BRDA:29,2,1,0
BRDA:36,3,0,0
BRDA:36,3,1,0
BRDA:36,4,0,0
BRDA:36,4,1,0
BRDA:41,5,0,0
BRDA:41,5,1,0
BRDA:41,6,0,0
BRDA:41,6,1,0
BRDA:95,7,0,0
BRDA:95,7,1,0
BRDA:103,8,0,0
BRDA:103,8,1,0
BRDA:113,9,0,0
BRDA:113,9,1,0
BRF:20
BRH:0
end_of_record
TN:
SF:controllers\authController.ts
FN:20,(anonymous_1)
FN:25,(anonymous_2)
FN:29,(anonymous_3)
FN:33,(anonymous_4)
FN:43,(anonymous_5)
FN:73,(anonymous_6)
FN:169,(anonymous_7)
FN:221,(anonymous_8)
FN:239,(anonymous_9)
FN:274,(anonymous_10)
FNF:10
FNH:0
FNDA:0,(anonymous_1)
FNDA:0,(anonymous_2)
FNDA:0,(anonymous_3)
FNDA:0,(anonymous_4)
FNDA:0,(anonymous_5)
FNDA:0,(anonymous_6)
FNDA:0,(anonymous_7)
FNDA:0,(anonymous_8)
FNDA:0,(anonymous_9)
FNDA:0,(anonymous_10)
DA:2,0
DA:3,0
DA:4,0
DA:5,0
DA:7,0
DA:20,0
DA:21,0
DA:22,0
DA:25,0
DA:26,0
DA:29,0
DA:30,0
DA:33,0
DA:34,0
DA:35,0
DA:36,0
DA:37,0
DA:38,0
DA:40,0
DA:43,0
DA:44,0
DA:46,0
DA:48,0
DA:50,0
DA:53,0
DA:54,0
DA:57,0
DA:58,0
DA:59,0
DA:61,0
DA:62,0
DA:63,0
DA:66,0
DA:67,0
DA:68,0
DA:70,0
DA:73,0
DA:74,0
DA:75,0
DA:76,0
DA:78,0
DA:79,0
DA:80,0
DA:81,0
DA:82,0
DA:83,0
DA:85,0
DA:86,0
DA:89,0
DA:90,0
DA:93,0
DA:94,0
DA:97,0
DA:98,0
DA:101,0
DA:102,0
DA:105,0
DA:106,0
DA:107,0
DA:110,0
DA:111,0
DA:117,0
DA:118,0
DA:119,0
DA:122,0
DA:123,0
DA:124,0
DA:125,0
DA:128,0
DA:129,0
DA:130,0
DA:131,0
DA:134,0
DA:135,0
DA:137,0
DA:147,0
DA:149,0
DA:153,0
DA:164,0
DA:165,0
DA:169,0
DA:170,0
DA:171,0
DA:174,0
DA:175,0
DA:176,0
DA:180,0
DA:182,0
DA:184,0
DA:185,0
DA:188,0
DA:191,0
DA:192,0
DA:193,0
DA:194,0
DA:198,0
DA:202,0
DA:203,0
DA:205,0
DA:216,0
DA:217,0
DA:221,0
DA:222,0
DA:223,0
DA:224,0
DA:228,0
DA:229,0
DA:230,0
DA:231,0
DA:234,0
DA:235,0
DA:236,0
DA:239,0
DA:240,0
DA:241,0
DA:242,0
DA:245,0
DA:246,0
DA:247,0
DA:248,0
DA:251,0
DA:252,0
DA:253,0
DA:254,0
DA:257,0
DA:258,0
DA:269,0
DA:270,0
DA:274,0
DA:275,0
DA:276,0
DA:277,0
DA:278,0
DA:279,0
DA:281,0
DA:282,0
DA:283,0
DA:284,0
DA:286,0
DA:287,0
DA:289,0
DA:290,0
DA:294,0
LF:143
LH:0
BRDA:7,0,0,0
BRDA:7,0,1,0
BRDA:22,1,0,0
BRDA:22,1,1,0
BRDA:40,2,0,0
BRDA:40,2,1,0
BRDA:40,2,2,0
BRDA:40,2,3,0
BRDA:40,2,4,0
BRDA:46,3,0,0
BRDA:46,3,1,0
BRDA:48,4,0,0
BRDA:48,4,1,0
BRDA:58,5,0,0
BRDA:58,5,1,0
BRDA:58,6,0,0
BRDA:58,6,1,0
BRDA:59,7,0,0
BRDA:59,7,1,0
BRDA:67,8,0,0
BRDA:67,8,1,0
BRDA:67,9,0,0
BRDA:67,9,1,0
BRDA:68,10,0,0
BRDA:68,10,1,0
BRDA:78,11,0,0
BRDA:78,11,1,0
BRDA:79,12,0,0
BRDA:79,12,1,0
BRDA:80,13,0,0
BRDA:80,13,1,0
BRDA:81,14,0,0
BRDA:81,14,1,0
BRDA:82,15,0,0
BRDA:82,15,1,0
BRDA:83,16,0,0
BRDA:83,16,1,0
BRDA:85,17,0,0
BRDA:85,17,1,0
BRDA:85,18,0,0
BRDA:85,18,1,0
BRDA:89,19,0,0
BRDA:89,19,1,0
BRDA:89,20,0,0
BRDA:89,20,1,0
BRDA:93,21,0,0
BRDA:93,21,1,0
BRDA:93,22,0,0
BRDA:93,22,1,0
BRDA:97,23,0,0
BRDA:97,23,1,0
BRDA:97,24,0,0
BRDA:97,24,1,0
BRDA:101,25,0,0
BRDA:101,25,1,0
BRDA:101,26,0,0
BRDA:101,26,1,0
BRDA:105,27,0,0
BRDA:105,27,1,0
BRDA:117,28,0,0
BRDA:117,28,1,0
BRDA:123,29,0,0
BRDA:123,29,1,0
BRDA:129,30,0,0
BRDA:129,30,1,0
BRDA:144,31,0,0
BRDA:144,31,1,0
BRDA:174,32,0,0
BRDA:174,32,1,0
BRDA:174,33,0,0
BRDA:174,33,1,0
BRDA:182,34,0,0
BRDA:182,34,1,0
BRDA:192,35,0,0
BRDA:192,35,1,0
BRDA:228,36,0,0
BRDA:228,36,1,0
BRDA:228,37,0,0
BRDA:228,37,1,0
BRDA:230,38,0,0
BRDA:230,38,1,0
BRDA:234,39,0,0
BRDA:234,39,1,0
BRDA:240,40,0,0
BRDA:240,40,1,0
BRDA:245,41,0,0
BRDA:245,41,1,0
BRDA:246,42,0,0
BRDA:246,42,1,0
BRDA:252,43,0,0
BRDA:252,43,1,0
BRDA:277,44,0,0
BRDA:277,44,1,0
BRDA:282,45,0,0
BRDA:282,45,1,0
BRF:95
BRH:0
end_of_record
TN:
SF:controllers\championshipController.ts
FN:19,(anonymous_10)
FN:132,(anonymous_11)
FN:143,(anonymous_12)
FN:183,(anonymous_13)
FN:280,(anonymous_14)
FN:294,(anonymous_15)
FN:460,(anonymous_16)
FN:490,(anonymous_17)
FN:531,(anonymous_18)
FN:586,(anonymous_19)
FN:607,(anonymous_20)
FN:617,(anonymous_21)
FN:640,(anonymous_22)
FN:700,(anonymous_23)
FN:747,(anonymous_24)
FN:820,(anonymous_25)
FN:869,(anonymous_26)
FN:969,(anonymous_27)
FN:1174,(anonymous_28)
FN:1261,(anonymous_29)
FN:1295,(anonymous_30)
FNF:21
FNH:0
FNDA:0,(anonymous_10)
FNDA:0,(anonymous_11)
FNDA:0,(anonymous_12)
FNDA:0,(anonymous_13)
FNDA:0,(anonymous_14)
FNDA:0,(anonymous_15)
FNDA:0,(anonymous_16)
FNDA:0,(anonymous_17)
FNDA:0,(anonymous_18)
FNDA:0,(anonymous_19)
FNDA:0,(anonymous_20)
FNDA:0,(anonymous_21)
FNDA:0,(anonymous_22)
FNDA:0,(anonymous_23)
FNDA:0,(anonymous_24)
FNDA:0,(anonymous_25)
FNDA:0,(anonymous_26)
FNDA:0,(anonymous_27)
FNDA:0,(anonymous_28)
FNDA:0,(anonymous_29)
FNDA:0,(anonymous_30)
DA:2,0
DA:3,0
DA:4,0
DA:6,0
DA:7,0
DA:8,0
DA:9,0
DA:10,0
DA:12,0
DA:13,0
DA:14,0
DA:15,0
DA:17,0
DA:19,0
DA:20,0
DA:35,0
DA:37,0
DA:38,0
DA:39,0
DA:42,0
DA:43,0
DA:44,0
DA:47,0
DA:48,0
DA:49,0
DA:52,0
DA:53,0
DA:54,0
DA:57,0
DA:58,0
DA:59,0
DA:62,0
DA:65,0
DA:66,0
DA:67,0
DA:70,0
DA:71,0
DA:79,0
DA:80,0
DA:81,0
DA:84,0
DA:87,0
DA:88,0
DA:90,0
DA:93,0
DA:94,0
DA:95,0
DA:96,0
DA:100,0
DA:101,0
DA:102,0
DA:103,0
DA:105,0
DA:106,0
DA:107,0
DA:109,0
DA:110,0
DA:111,0
DA:112,0
DA:116,0
DA:117,0
DA:118,0
DA:119,0
DA:121,0
DA:122,0
DA:124,0
DA:125,0
DA:126,0
DA:128,0
DA:129,0
DA:130,0
DA:132,0
DA:133,0
DA:134,0
DA:135,0
DA:136,0
DA:137,0
DA:139,0
DA:140,0
DA:141,0
DA:143,0
DA:144,0
DA:145,0
DA:146,0
DA:147,0
DA:148,0
DA:149,0
DA:151,0
DA:152,0
DA:153,0
DA:156,0
DA:174,0
DA:176,0
DA:183,0
DA:184,0
DA:197,0
DA:199,0
DA:201,0
DA:202,0
DA:203,0
DA:204,0
DA:208,0
DA:209,0
DA:210,0
DA:211,0
DA:212,0
DA:216,0
DA:217,0
DA:218,0
DA:219,0
DA:220,0
DA:221,0
DA:225,0
DA:226,0
DA:227,0
DA:228,0
DA:232,0
DA:233,0
DA:236,0
DA:237,0
DA:238,0
DA:239,0
DA:243,0
DA:244,0
DA:245,0
DA:251,0
DA:252,0
DA:253,0
DA:255,0
DA:256,0
DA:258,0
DA:259,0
DA:261,0
DA:265,0
DA:270,0
DA:272,0
DA:273,0
DA:280,0
DA:281,0
DA:282,0
DA:283,0
DA:284,0
DA:285,0
DA:286,0
DA:288,0
DA:290,0
DA:294,0
DA:295,0
DA:296,0
DA:311,0
DA:313,0
DA:314,0
DA:315,0
DA:316,0
DA:319,0
DA:320,0
DA:321,0
DA:322,0
DA:325,0
DA:326,0
DA:327,0
DA:328,0
DA:329,0
DA:330,0
DA:331,0
DA:334,0
DA:335,0
DA:338,0
DA:339,0
DA:340,0
DA:343,0
DA:344,0
DA:345,0
DA:348,0
DA:349,0
DA:350,0
DA:353,0
DA:354,0
DA:355,0
DA:356,0
DA:359,0
DA:363,0
DA:364,0
DA:365,0
DA:376,0
DA:377,0
DA:378,0
DA:382,0
DA:383,0
DA:384,0
DA:385,0
DA:386,0
DA:387,0
DA:388,0
DA:390,0
DA:391,0
DA:392,0
DA:393,0
DA:395,0
DA:399,0
DA:400,0
DA:403,0
DA:404,0
DA:407,0
DA:408,0
DA:411,0
DA:412,0
DA:415,0
DA:416,0
DA:419,0
DA:420,0
DA:423,0
DA:425,0
DA:426,0
DA:427,0
DA:428,0
DA:430,0
DA:431,0
DA:434,0
DA:435,0
DA:437,0
DA:439,0
DA:440,0
DA:441,0
DA:443,0
DA:444,0
DA:445,0
DA:447,0
DA:448,0
DA:449,0
DA:452,0
DA:453,0
DA:457,0
DA:458,0
DA:459,0
DA:460,0
DA:461,0
DA:462,0
DA:463,0
DA:464,0
DA:465,0
DA:466,0
DA:468,0
DA:469,0
DA:470,0
DA:472,0
DA:473,0
DA:474,0
DA:476,0
DA:477,0
DA:478,0
DA:482,0
DA:483,0
DA:485,0
DA:490,0
DA:491,0
DA:492,0
DA:493,0
DA:494,0
DA:495,0
DA:496,0
DA:499,0
DA:500,0
DA:501,0
DA:502,0
DA:505,0
DA:506,0
DA:507,0
DA:508,0
DA:509,0
DA:510,0
DA:511,0
DA:514,0
DA:515,0
DA:518,0
DA:519,0
DA:520,0
DA:521,0
DA:524,0
DA:525,0
DA:527,0
DA:531,0
DA:532,0
DA:533,0
DA:534,0
DA:536,0
DA:538,0
DA:539,0
DA:540,0
DA:543,0
DA:544,0
DA:545,0
DA:546,0
DA:549,0
DA:556,0
DA:557,0
DA:558,0
DA:561,0
DA:568,0
DA:569,0
DA:570,0
DA:573,0
DA:578,0
DA:579,0
DA:581,0
DA:582,0
DA:586,0
DA:587,0
DA:588,0
DA:590,0
DA:591,0
DA:592,0
DA:593,0
DA:596,0
DA:606,0
DA:607,0
DA:610,0
DA:612,0
DA:613,0
DA:617,0
DA:618,0
DA:619,0
DA:621,0
DA:622,0
DA:623,0
DA:624,0
DA:627,0
DA:628,0
DA:629,0
DA:630,0
DA:633,0
DA:634,0
DA:636,0
DA:640,0
DA:641,0
DA:642,0
DA:643,0
DA:645,0
DA:646,0
DA:647,0
DA:650,0
DA:651,0
DA:652,0
DA:653,0
DA:656,0
DA:657,0
DA:659,0
DA:660,0
DA:661,0
DA:662,0
DA:665,0
DA:666,0
DA:670,0
DA:673,0
DA:674,0
DA:675,0
DA:676,0
DA:679,0
DA:683,0
DA:684,0
DA:685,0
DA:688,0
DA:694,0
DA:696,0
DA:700,0
DA:701,0
DA:702,0
DA:704,0
DA:705,0
DA:706,0
DA:707,0
DA:710,0
DA:711,0
DA:712,0
DA:714,0
DA:715,0
DA:716,0
DA:717,0
DA:720,0
DA:721,0
DA:722,0
DA:725,0
DA:737,0
DA:739,0
DA:740,0
DA:743,0
DA:747,0
DA:748,0
DA:749,0
DA:750,0
DA:752,0
DA:753,0
DA:754,0
DA:757,0
DA:758,0
DA:759,0
DA:760,0
DA:763,0
DA:764,0
DA:765,0
DA:767,0
DA:768,0
DA:769,0
DA:770,0
DA:773,0
DA:774,0
DA:775,0
DA:776,0
DA:779,0
DA:780,0
DA:781,0
DA:784,0
DA:785,0
DA:789,0
DA:792,0
DA:793,0
DA:798,0
DA:801,0
DA:802,0
DA:803,0
DA:804,0
DA:805,0
DA:806,0
DA:809,0
DA:810,0
DA:812,0
DA:813,0
DA:816,0
DA:820,0
DA:821,0
DA:822,0
DA:824,0
DA:825,0
DA:826,0
DA:827,0
DA:830,0
DA:831,0
DA:832,0
DA:834,0
DA:835,0
DA:836,0
DA:837,0
DA:840,0
DA:841,0
DA:842,0
DA:845,0
DA:846,0
DA:850,0
DA:853,0
DA:854,0
DA:856,0
DA:861,0
DA:862,0
DA:865,0
DA:869,0
DA:870,0
DA:872,0
DA:873,0
DA:874,0
DA:881,0
DA:882,0
DA:883,0
DA:884,0
DA:887,0
DA:888,0
DA:889,0
DA:890,0
DA:891,0
DA:892,0
DA:895,0
DA:896,0
DA:897,0
DA:898,0
DA:900,0
DA:901,0
DA:902,0
DA:903,0
DA:904,0
DA:907,0
DA:914,0
DA:915,0
DA:919,0
DA:920,0
DA:924,0
DA:925,0
DA:926,0
DA:927,0
DA:928,0
DA:929,0
DA:930,0
DA:932,0
DA:935,0
DA:940,0
DA:941,0
DA:943,0
DA:944,0
DA:945,0
DA:947,0
DA:948,0
DA:951,0
DA:952,0
DA:957,0
DA:958,0
DA:959,0
DA:960,0
DA:961,0
DA:962,0
DA:969,0
DA:970,0
DA:971,0
DA:973,0
DA:974,0
DA:975,0
DA:978,0
DA:979,0
DA:980,0
DA:982,0
DA:983,0
DA:984,0
DA:987,0
DA:988,0
DA:989,0
DA:992,0
DA:993,0
DA:994,0
DA:997,0
DA:998,0
DA:999,0
DA:1002,0
DA:1003,0
DA:1004,0
DA:1007,0
DA:1008,0
DA:1009,0
DA:1012,0
DA:1013,0
DA:1014,0
DA:1015,0
DA:1018,0
DA:1019,0
DA:1020,0
DA:1021,0
DA:1023,0
DA:1024,0
DA:1025,0
DA:1028,0
DA:1029,0
DA:1030,0
DA:1031,0
DA:1032,0
DA:1034,0
DA:1036,0
DA:1037,0
DA:1038,0
DA:1039,0
DA:1042,0
DA:1043,0
DA:1045,0
DA:1046,0
DA:1047,0
DA:1048,0
DA:1051,0
DA:1052,0
DA:1053,0
DA:1054,0
DA:1057,0
DA:1059,0
DA:1060,0
DA:1061,0
DA:1062,0
DA:1065,0
DA:1069,0
DA:1073,0
DA:1074,0
DA:1075,0
DA:1076,0
DA:1078,0
DA:1081,0
DA:1082,0
DA:1083,0
DA:1085,0
DA:1086,0
DA:1087,0
DA:1088,0
DA:1091,0
DA:1092,0
DA:1093,0
DA:1094,0
DA:1095,0
DA:1096,0
DA:1099,0
DA:1101,0
DA:1102,0
DA:1103,0
DA:1106,0
DA:1107,0
DA:1109,0
DA:1110,0
DA:1111,0
DA:1112,0
DA:1115,0
DA:1117,0
DA:1127,0
DA:1139,0
DA:1142,0
DA:1151,0
DA:1159,0
DA:1161,0
DA:1162,0
DA:1166,0
DA:1170,0
DA:1173,0
DA:1174,0
DA:1175,0
DA:1176,0
DA:1177,0
DA:1179,0
DA:1180,0
DA:1191,0
DA:1192,0
DA:1203,0
DA:1208,0
DA:1218,0
DA:1219,0
DA:1228,0
DA:1230,0
DA:1231,0
DA:1238,0
DA:1239,0
DA:1240,0
DA:1242,0
DA:1244,0
DA:1247,0
DA:1248,0
DA:1253,0
DA:1254,0
DA:1255,0
DA:1256,0
DA:1257,0
DA:1258,0
DA:1260,0
DA:1261,0
DA:1262,0
DA:1267,0
DA:1270,0
DA:1271,0
DA:1276,0
DA:1279,0
DA:1280,0
DA:1284,0
DA:1287,0
DA:1295,0
DA:1296,0
DA:1298,0
DA:1299,0
DA:1300,0
DA:1301,0
DA:1304,0
DA:1323,0
LF:659
LH:0
BRDA:17,0,0,0
BRDA:17,0,1,0
BRDA:37,1,0,0
BRDA:37,1,1,0
BRDA:42,2,0,0
BRDA:42,2,1,0
BRDA:47,3,0,0
BRDA:47,3,1,0
BRDA:52,4,0,0
BRDA:52,4,1,0
BRDA:58,5,0,0
BRDA:58,5,1,0
BRDA:65,6,0,0
BRDA:65,6,1,0
BRDA:79,7,0,0
BRDA:79,7,1,0
BRDA:87,8,0,0
BRDA:87,8,1,0
BRDA:93,9,0,0
BRDA:93,9,1,0
BRDA:94,10,0,0
BRDA:94,10,1,0
BRDA:94,11,0,0
BRDA:94,11,1,0
BRDA:94,11,2,0
BRDA:100,12,0,0
BRDA:100,12,1,0
BRDA:100,13,0,0
BRDA:100,13,1,0
BRDA:101,14,0,0
BRDA:101,14,1,0
BRDA:101,15,0,0
BRDA:101,15,1,0
BRDA:101,15,2,0
BRDA:105,16,0,0
BRDA:105,16,1,0
BRDA:105,17,0,0
BRDA:105,17,1,0
BRDA:105,17,2,0
BRDA:110,18,0,0
BRDA:110,18,1,0
BRDA:117,19,0,0
BRDA:117,19,1,0
BRDA:124,20,0,0
BRDA:124,20,1,0
BRDA:128,21,0,0
BRDA:128,21,1,0
BRDA:135,22,0,0
BRDA:135,22,1,0
BRDA:139,23,0,0
BRDA:139,23,1,0
BRDA:147,24,0,0
BRDA:147,24,1,0
BRDA:151,25,0,0
BRDA:151,25,1,0
BRDA:165,26,0,0
BRDA:165,26,1,0
BRDA:165,27,0,0
BRDA:165,27,1,0
BRDA:166,28,0,0
BRDA:166,28,1,0
BRDA:168,29,0,0
BRDA:168,29,1,0
BRDA:168,30,0,0
BRDA:168,30,1,0
BRDA:169,31,0,0
BRDA:169,31,1,0
BRDA:169,32,0,0
BRDA:169,32,1,0
BRDA:170,33,0,0
BRDA:170,33,1,0
BRDA:178,34,0,0
BRDA:178,34,1,0
BRDA:201,35,0,0
BRDA:201,35,1,0
BRDA:203,36,0,0
BRDA:203,36,1,0
BRDA:208,37,0,0
BRDA:208,37,1,0
BRDA:210,38,0,0
BRDA:210,38,1,0
BRDA:216,39,0,0
BRDA:216,39,1,0
BRDA:218,40,0,0
BRDA:218,40,1,0
BRDA:220,41,0,0
BRDA:220,41,1,0
BRDA:225,42,0,0
BRDA:225,42,1,0
BRDA:227,43,0,0
BRDA:227,43,1,0
BRDA:232,44,0,0
BRDA:232,44,1,0
BRDA:236,45,0,0
BRDA:236,45,1,0
BRDA:238,46,0,0
BRDA:238,46,1,0
BRDA:243,47,0,0
BRDA:243,47,1,0
BRDA:252,48,0,0
BRDA:252,48,1,0
BRDA:253,49,0,0
BRDA:253,49,1,0
BRDA:253,49,2,0
BRDA:275,50,0,0
BRDA:275,50,1,0
BRDA:284,51,0,0
BRDA:284,51,1,0
BRDA:314,52,0,0
BRDA:314,52,1,0
BRDA:320,53,0,0
BRDA:320,53,1,0
BRDA:329,54,0,0
BRDA:329,54,1,0
BRDA:338,55,0,0
BRDA:338,55,1,0
BRDA:338,56,0,0
BRDA:338,56,1,0
BRDA:343,57,0,0
BRDA:343,57,1,0
BRDA:343,58,0,0
BRDA:343,58,1,0
BRDA:348,59,0,0
BRDA:348,59,1,0
BRDA:348,60,0,0
BRDA:348,60,1,0
BRDA:353,61,0,0
BRDA:353,61,1,0
BRDA:355,62,0,0
BRDA:355,62,1,0
BRDA:363,63,0,0
BRDA:363,63,1,0
BRDA:376,64,0,0
BRDA:376,64,1,0
BRDA:383,65,0,0
BRDA:383,65,1,0
BRDA:384,66,0,0
BRDA:384,66,1,0
BRDA:385,67,0,0
BRDA:385,67,1,0
BRDA:386,68,0,0
BRDA:386,68,1,0
BRDA:387,69,0,0
BRDA:387,69,1,0
BRDA:388,70,0,0
BRDA:388,70,1,0
BRDA:390,71,0,0
BRDA:390,71,1,0
BRDA:392,72,0,0
BRDA:392,72,1,0
BRDA:399,73,0,0
BRDA:399,73,1,0
BRDA:403,74,0,0
BRDA:403,74,1,0
BRDA:407,75,0,0
BRDA:407,75,1,0
BRDA:411,76,0,0
BRDA:411,76,1,0
BRDA:415,77,0,0
BRDA:415,77,1,0
BRDA:419,78,0,0
BRDA:419,78,1,0
BRDA:423,79,0,0
BRDA:423,79,1,0
BRDA:425,80,0,0
BRDA:425,80,1,0
BRDA:426,81,0,0
BRDA:426,81,1,0
BRDA:426,82,0,0
BRDA:426,82,1,0
BRDA:426,82,2,0
BRDA:434,83,0,0
BRDA:434,83,1,0
BRDA:437,84,0,0
BRDA:437,84,1,0
BRDA:439,85,0,0
BRDA:439,85,1,0
BRDA:440,86,0,0
BRDA:440,86,1,0
BRDA:441,87,0,0
BRDA:441,87,1,0
BRDA:443,88,0,0
BRDA:443,88,1,0
BRDA:443,89,0,0
BRDA:443,89,1,0
BRDA:443,89,2,0
BRDA:447,90,0,0
BRDA:447,90,1,0
BRDA:447,91,0,0
BRDA:447,91,1,0
BRDA:447,91,2,0
BRDA:457,92,0,0
BRDA:457,92,1,0
BRDA:457,93,0,0
BRDA:457,93,1,0
BRDA:458,94,0,0
BRDA:458,94,1,0
BRDA:459,95,0,0
BRDA:459,95,1,0
BRDA:464,96,0,0
BRDA:464,96,1,0
BRDA:468,97,0,0
BRDA:468,97,1,0
BRDA:472,98,0,0
BRDA:472,98,1,0
BRDA:476,99,0,0
BRDA:476,99,1,0
BRDA:494,100,0,0
BRDA:494,100,1,0
BRDA:500,101,0,0
BRDA:500,101,1,0
BRDA:509,102,0,0
BRDA:509,102,1,0
BRDA:519,103,0,0
BRDA:519,103,1,0
BRDA:538,104,0,0
BRDA:538,104,1,0
BRDA:544,105,0,0
BRDA:544,105,1,0
BRDA:556,106,0,0
BRDA:556,106,1,0
BRDA:568,107,0,0
BRDA:568,107,1,0
BRDA:591,108,0,0
BRDA:591,108,1,0
BRDA:622,109,0,0
BRDA:622,109,1,0
BRDA:628,110,0,0
BRDA:628,110,1,0
BRDA:645,111,0,0
BRDA:645,111,1,0
BRDA:651,112,0,0
BRDA:651,112,1,0
BRDA:660,113,0,0
BRDA:660,113,1,0
BRDA:665,114,0,0
BRDA:665,114,1,0
BRDA:668,115,0,0
BRDA:668,115,1,0
BRDA:674,116,0,0
BRDA:674,116,1,0
BRDA:683,117,0,0
BRDA:683,117,1,0
BRDA:705,118,0,0
BRDA:705,118,1,0
BRDA:715,119,0,0
BRDA:715,119,1,0
BRDA:720,120,0,0
BRDA:720,120,1,0
BRDA:752,121,0,0
BRDA:752,121,1,0
BRDA:758,122,0,0
BRDA:758,122,1,0
BRDA:768,123,0,0
BRDA:768,123,1,0
BRDA:774,124,0,0
BRDA:774,124,1,0
BRDA:779,125,0,0
BRDA:779,125,1,0
BRDA:784,126,0,0
BRDA:784,126,1,0
BRDA:792,127,0,0
BRDA:792,127,1,0
BRDA:802,128,0,0
BRDA:802,128,1,0
BRDA:804,129,0,0
BRDA:804,129,1,0
BRDA:825,130,0,0
BRDA:825,130,1,0
BRDA:835,131,0,0
BRDA:835,131,1,0
BRDA:840,132,0,0
BRDA:840,132,1,0
BRDA:845,133,0,0
BRDA:845,133,1,0
BRDA:874,134,0,0
BRDA:874,134,1,0
BRDA:881,135,0,0
BRDA:881,135,1,0
BRDA:889,136,0,0
BRDA:889,136,1,0
BRDA:901,137,0,0
BRDA:901,137,1,0
BRDA:914,138,0,0
BRDA:914,138,1,0
BRDA:924,139,0,0
BRDA:924,139,1,0
BRDA:927,140,0,0
BRDA:927,140,1,0
BRDA:964,141,0,0
BRDA:964,141,1,0
BRDA:982,142,0,0
BRDA:982,142,1,0
BRDA:982,143,0,0
BRDA:982,143,1,0
BRDA:987,144,0,0
BRDA:987,144,1,0
BRDA:987,145,0,0
BRDA:987,145,1,0
BRDA:992,146,0,0
BRDA:992,146,1,0
BRDA:997,147,0,0
BRDA:997,147,1,0
BRDA:1002,148,0,0
BRDA:1002,148,1,0
BRDA:1002,149,0,0
BRDA:1002,149,1,0
BRDA:1002,149,2,0
BRDA:1007,150,0,0
BRDA:1007,150,1,0
BRDA:1007,151,0,0
BRDA:1007,151,1,0
BRDA:1007,151,2,0
BRDA:1013,152,0,0
BRDA:1013,152,1,0
BRDA:1023,153,0,0
BRDA:1023,153,1,0
BRDA:1023,154,0,0
BRDA:1023,154,1,0
BRDA:1029,155,0,0
BRDA:1029,155,1,0
BRDA:1036,156,0,0
BRDA:1036,156,1,0
BRDA:1045,157,0,0
BRDA:1045,157,1,0
BRDA:1051,158,0,0
BRDA:1051,158,1,0
BRDA:1060,159,0,0
BRDA:1060,159,1,0
BRDA:1073,160,0,0
BRDA:1073,160,1,0
BRDA:1073,161,0,0
BRDA:1073,161,1,0
BRDA:1082,162,0,0
BRDA:1082,162,1,0
BRDA:1082,163,0,0
BRDA:1082,163,1,0
BRDA:1085,164,0,0
BRDA:1085,164,1,0
BRDA:1093,165,0,0
BRDA:1093,165,1,0
BRDA:1106,166,0,0
BRDA:1106,166,1,0
BRDA:1106,166,2,0
BRDA:1110,167,0,0
BRDA:1110,167,1,0
BRDA:1122,168,0,0
BRDA:1122,168,1,0
BRDA:1132,169,0,0
BRDA:1132,169,1,0
BRDA:1179,170,0,0
BRDA:1179,170,1,0
BRDA:1179,171,0,0
BRDA:1179,171,1,0
BRDA:1184,172,0,0
BRDA:1184,172,1,0
BRDA:1184,173,0,0
BRDA:1184,173,1,0
BRDA:1191,174,0,0
BRDA:1191,174,1,0
BRDA:1191,175,0,0
BRDA:1191,175,1,0
BRDA:1196,176,0,0
BRDA:1196,176,1,0
BRDA:1196,177,0,0
BRDA:1196,177,1,0
BRDA:1244,178,0,0
BRDA:1244,178,1,0
BRDA:1260,179,0,0
BRDA:1260,179,1,0
BRDA:1261,180,0,0
BRDA:1261,180,1,0
BRDA:1270,181,0,0
BRDA:1270,181,1,0
BRDA:1279,182,0,0
BRDA:1279,182,1,0
BRDA:1289,183,0,0
BRDA:1289,183,1,0
BRDA:1290,184,0,0
BRDA:1290,184,1,0
BRDA:1299,185,0,0
BRDA:1299,185,1,0
BRF:382
BRH:0
end_of_record
TN:
SF:controllers\matchPlayersController.ts
FN:9,(anonymous_1)
FN:46,(anonymous_2)
FN:80,(anonymous_3)
FN:81,(anonymous_4)
FN:86,(anonymous_5)
FN:93,(anonymous_6)
FN:99,(anonymous_7)
FNF:7
FNH:0
FNDA:0,(anonymous_1)
FNDA:0,(anonymous_2)
FNDA:0,(anonymous_3)
FNDA:0,(anonymous_4)
FNDA:0,(anonymous_5)
FNDA:0,(anonymous_6)
FNDA:0,(anonymous_7)
DA:3,0
DA:4,0
DA:5,0
DA:6,0
DA:7,0
DA:9,0
DA:10,0
DA:11,0
DA:12,0
DA:14,0
DA:15,0
DA:16,0
DA:19,0
DA:20,0
DA:21,0
DA:22,0
DA:25,0
DA:26,0
DA:27,0
DA:28,0
DA:30,0
DA:31,0
DA:32,0
DA:35,0
DA:37,0
DA:38,0
DA:39,0
DA:42,0
DA:46,0
DA:48,0
DA:49,0
DA:52,0
DA:53,0
DA:54,0
DA:57,0
DA:73,0
DA:75,0
DA:76,0
DA:80,0
DA:81,0
DA:84,0
DA:85,0
DA:86,0
DA:94,0
DA:95,0
DA:96,0
DA:97,0
DA:99,0
DA:101,0
DA:103,0
LF:50
LH:0
BRDA:12,0,0,0
BRDA:12,0,1,0
BRDA:14,1,0,0
BRDA:14,1,1,0
BRDA:20,2,0,0
BRDA:20,2,1,0
BRDA:30,3,0,0
BRDA:30,3,1,0
BRDA:30,4,0,0
BRDA:30,4,1,0
BRDA:30,4,2,0
BRDA:37,5,0,0
BRDA:37,5,1,0
BRDA:48,6,0,0
BRDA:48,6,1,0
BRDA:48,7,0,0
BRDA:48,7,1,0
BRDA:52,8,0,0
BRDA:52,8,1,0
BRDA:75,9,0,0
BRDA:75,9,1,0
BRDA:75,10,0,0
BRDA:75,10,1,0
BRDA:75,10,2,0
BRDA:88,11,0,0
BRDA:88,11,1,0
BRDA:89,12,0,0
BRDA:89,12,1,0
BRDA:91,13,0,0
BRDA:91,13,1,0
BRDA:95,14,0,0
BRDA:95,14,1,0
BRF:32
BRH:0
end_of_record
TN:
SF:controllers\matchRosterController.ts
FN:10,(anonymous_1)
FN:43,(anonymous_2)
FN:69,(anonymous_3)
FN:70,(anonymous_4)
FN:75,(anonymous_5)
FN:83,(anonymous_6)
FN:89,(anonymous_7)
FNF:7
FNH:0
FNDA:0,(anonymous_1)
FNDA:0,(anonymous_2)
FNDA:0,(anonymous_3)
FNDA:0,(anonymous_4)
FNDA:0,(anonymous_5)
FNDA:0,(anonymous_6)
FNDA:0,(anonymous_7)
DA:3,0
DA:4,0
DA:5,0
DA:6,0
DA:7,0
DA:8,0
DA:10,0
DA:11,0
DA:12,0
DA:13,0
DA:15,0
DA:16,0
DA:17,0
DA:20,0
DA:21,0
DA:22,0
DA:23,0
DA:26,0
DA:27,0
DA:28,0
DA:29,0
DA:31,0
DA:32,0
DA:33,0
DA:36,0
DA:37,0
DA:38,0
DA:39,0
DA:42,0
DA:43,0
DA:45,0
DA:46,0
DA:49,0
DA:50,0
DA:51,0
DA:54,0
DA:62,0
DA:64,0
DA:65,0
DA:69,0
DA:70,0
DA:73,0
DA:74,0
DA:75,0
DA:84,0
DA:85,0
DA:86,0
DA:87,0
DA:89,0
DA:91,0
DA:93,0
LF:51
LH:0
BRDA:13,0,0,0
BRDA:13,0,1,0
BRDA:15,1,0,0
BRDA:15,1,1,0
BRDA:21,2,0,0
BRDA:21,2,1,0
BRDA:31,3,0,0
BRDA:31,3,1,0
BRDA:31,4,0,0
BRDA:31,4,1,0
BRDA:31,4,2,0
BRDA:37,5,0,0
BRDA:37,5,1,0
BRDA:45,6,0,0
BRDA:45,6,1,0
BRDA:45,7,0,0
BRDA:45,7,1,0
BRDA:49,8,0,0
BRDA:49,8,1,0
BRDA:64,9,0,0
BRDA:64,9,1,0
BRDA:64,10,0,0
BRDA:64,10,1,0
BRDA:64,10,2,0
BRDA:77,11,0,0
BRDA:77,11,1,0
BRDA:78,12,0,0
BRDA:78,12,1,0
BRDA:79,13,0,0
BRDA:79,13,1,0
BRDA:81,14,0,0
BRDA:81,14,1,0
BRDA:85,15,0,0
BRDA:85,15,1,0
BRF:34
BRH:0
end_of_record
TN:
SF:controllers\overviewController.ts
FN:12,(anonymous_1)
FN:55,(anonymous_2)
FN:119,(anonymous_3)
FN:123,(anonymous_4)
FN:124,(anonymous_5)
FN:125,(anonymous_6)
FN:132,(anonymous_7)
FN:133,(anonymous_8)
FN:134,(anonymous_9)
FN:135,(anonymous_10)
FN:136,(anonymous_11)
FN:139,(anonymous_12)
FN:140,(anonymous_13)
FN:151,(anonymous_14)
FN:161,(anonymous_15)
FN:169,(anonymous_16)
FN:177,(anonymous_17)
FN:187,(anonymous_18)
FN:195,(anonymous_19)
FN:205,(anonymous_20)
FN:215,(anonymous_21)
FN:221,(anonymous_22)
FN:225,(anonymous_23)
FN:228,(anonymous_24)
FN:233,(anonymous_25)
FN:257,(anonymous_26)
FN:271,(anonymous_27)
FN:272,(anonymous_28)
FN:273,(anonymous_29)
FNF:29
FNH:0
FNDA:0,(anonymous_1)
FNDA:0,(anonymous_2)
FNDA:0,(anonymous_3)
FNDA:0,(anonymous_4)
FNDA:0,(anonymous_5)
FNDA:0,(anonymous_6)
FNDA:0,(anonymous_7)
FNDA:0,(anonymous_8)
FNDA:0,(anonymous_9)
FNDA:0,(anonymous_10)
FNDA:0,(anonymous_11)
FNDA:0,(anonymous_12)
FNDA:0,(anonymous_13)
FNDA:0,(anonymous_14)
FNDA:0,(anonymous_15)
FNDA:0,(anonymous_16)
FNDA:0,(anonymous_17)
FNDA:0,(anonymous_18)
FNDA:0,(anonymous_19)
FNDA:0,(anonymous_20)
FNDA:0,(anonymous_21)
FNDA:0,(anonymous_22)
FNDA:0,(anonymous_23)
FNDA:0,(anonymous_24)
FNDA:0,(anonymous_25)
FNDA:0,(anonymous_26)
FNDA:0,(anonymous_27)
FNDA:0,(anonymous_28)
FNDA:0,(anonymous_29)
DA:2,0
DA:3,0
DA:4,0
DA:5,0
DA:6,0
DA:7,0
DA:8,0
DA:9,0
DA:10,0
DA:12,0
DA:13,0
DA:14,0
DA:16,0
DA:21,0
DA:22,0
DA:23,0
DA:24,0
DA:25,0
DA:27,0
DA:28,0
DA:30,0
DA:32,0
DA:33,0
DA:35,0
DA:36,0
DA:38,0
DA:39,0
DA:41,0
DA:42,0
DA:44,0
DA:46,0
DA:49,0
DA:50,0
DA:53,0
DA:54,0
DA:55,0
DA:56,0
DA:57,0
DA:75,0
DA:79,0
DA:80,0
DA:81,0
DA:85,0
DA:86,0
DA:87,0
DA:89,0
DA:90,0
DA:91,0
DA:93,0
DA:94,0
DA:95,0
DA:97,0
DA:98,0
DA:99,0
DA:101,0
DA:102,0
DA:103,0
DA:118,0
DA:119,0
DA:123,0
DA:124,0
DA:125,0
DA:132,0
DA:133,0
DA:134,0
DA:135,0
DA:136,0
DA:139,0
DA:140,0
DA:141,0
DA:142,0
DA:143,0
DA:144,0
DA:145,0
DA:146,0
DA:148,0
DA:151,0
DA:152,0
DA:153,0
DA:154,0
DA:155,0
DA:156,0
DA:161,0
DA:162,0
DA:163,0
DA:164,0
DA:165,0
DA:166,0
DA:169,0
DA:170,0
DA:171,0
DA:172,0
DA:173,0
DA:174,0
DA:177,0
DA:178,0
DA:179,0
DA:180,0
DA:181,0
DA:182,0
DA:183,0
DA:184,0
DA:187,0
DA:188,0
DA:189,0
DA:190,0
DA:191,0
DA:192,0
DA:195,0
DA:196,0
DA:197,0
DA:198,0
DA:199,0
DA:200,0
DA:203,0
DA:204,0
DA:205,0
DA:206,0
DA:207,0
DA:208,0
DA:209,0
DA:210,0
DA:211,0
DA:212,0
DA:215,0
DA:216,0
DA:217,0
DA:218,0
DA:219,0
DA:221,0
DA:224,0
DA:225,0
DA:228,0
DA:229,0
DA:233,0
DA:251,0
DA:253,0
DA:257,0
DA:258,0
DA:259,0
DA:260,0
DA:262,0
DA:264,0
DA:270,0
DA:271,0
DA:272,0
DA:273,0
DA:276,0
DA:278,0
LF:149
LH:0
BRDA:16,0,0,0
BRDA:21,1,0,0
BRDA:21,1,1,0
BRDA:21,2,0,0
BRDA:21,2,1,0
BRDA:30,3,0,0
BRDA:30,3,1,0
BRDA:30,3,2,0
BRDA:30,3,3,0
BRDA:30,3,4,0
BRDA:49,4,0,0
BRDA:49,4,1,0
BRDA:50,5,0,0
BRDA:50,5,1,0
BRDA:53,6,0,0
BRDA:53,6,1,0
BRDA:56,7,0,0
BRDA:56,7,1,0
BRDA:80,8,0,0
BRDA:80,8,1,0
BRDA:81,9,0,0
BRDA:81,9,1,0
BRDA:86,10,0,0
BRDA:86,10,1,0
BRDA:87,11,0,0
BRDA:87,11,1,0
BRDA:90,12,0,0
BRDA:90,12,1,0
BRDA:91,13,0,0
BRDA:91,13,1,0
BRDA:94,14,0,0
BRDA:94,14,1,0
BRDA:95,15,0,0
BRDA:95,15,1,0
BRDA:98,16,0,0
BRDA:98,16,1,0
BRDA:99,17,0,0
BRDA:99,17,1,0
BRDA:102,18,0,0
BRDA:102,18,1,0
BRDA:103,19,0,0
BRDA:103,19,1,0
BRDA:134,20,0,0
BRDA:134,20,1,0
BRDA:148,21,0,0
BRDA:148,21,1,0
BRDA:156,22,0,0
BRDA:156,22,1,0
BRDA:166,23,0,0
BRDA:166,23,1,0
BRDA:174,24,0,0
BRDA:174,24,1,0
BRDA:179,25,0,0
BRDA:179,25,1,0
BRDA:180,26,0,0
BRDA:180,26,1,0
BRDA:184,27,0,0
BRDA:184,27,1,0
BRDA:192,28,0,0
BRDA:192,28,1,0
BRDA:200,29,0,0
BRDA:200,29,1,0
BRDA:208,30,0,0
BRDA:208,30,1,0
BRDA:212,31,0,0
BRDA:212,31,1,0
BRDA:218,32,0,0
BRDA:218,32,1,0
BRDA:219,33,0,0
BRDA:219,33,1,0
BRDA:225,34,0,0
BRDA:225,34,1,0
BRDA:228,35,0,0
BRDA:228,35,1,0
BRDA:228,36,0,0
BRDA:228,36,1,0
BRDA:259,37,0,0
BRDA:259,37,1,0
BRDA:260,38,0,0
BRDA:260,38,1,0
BRF:80
BRH:0
end_of_record
TN:
SF:controllers\passwordResetController.ts
FN:9,(anonymous_1)
FN:42,(anonymous_2)
FN:91,(anonymous_3)
FNF:3
FNH:0
FNDA:0,(anonymous_1)
FNDA:0,(anonymous_2)
FNDA:0,(anonymous_3)
DA:2,0
DA:3,0
DA:4,0
DA:5,0
DA:6,0
DA:9,0
DA:10,0
DA:11,0
DA:13,0
DA:15,0
DA:16,0
DA:17,0
DA:20,0
DA:21,0
DA:22,0
DA:24,0
DA:29,0
DA:31,0
DA:32,0
DA:33,0
DA:36,0
DA:38,0
DA:42,0
DA:43,0
DA:44,0
DA:46,0
DA:47,0
DA:48,0
DA:51,0
DA:59,0
DA:60,0
DA:61,0
DA:64,0
DA:66,0
DA:67,0
DA:68,0
DA:71,0
DA:73,0
DA:74,0
DA:75,0
DA:78,0
DA:80,0
DA:86,0
DA:88,0
DA:91,0
DA:92,0
DA:93,0
DA:95,0
DA:97,0
DA:98,0
DA:99,0
DA:102,0
DA:103,0
DA:104,0
DA:107,0
DA:109,0
DA:110,0
DA:111,0
DA:114,0
DA:116,0
DA:117,0
DA:119,0
DA:120,0
DA:121,0
DA:125,0
DA:127,0
DA:128,0
DA:129,0
DA:132,0
DA:134,0
DA:140,0
DA:142,0
LF:72
LH:0
BRDA:15,0,0,0
BRDA:15,0,1,0
BRDA:31,1,0,0
BRDA:31,1,1,0
BRDA:46,2,0,0
BRDA:46,2,1,0
BRDA:46,3,0,0
BRDA:46,3,1,0
BRDA:59,4,0,0
BRDA:59,4,1,0
BRDA:66,5,0,0
BRDA:66,5,1,0
BRDA:73,6,0,0
BRDA:73,6,1,0
BRDA:95,7,0,0
BRDA:95,7,1,0
BRDA:97,8,0,0
BRDA:97,8,1,0
BRDA:102,9,0,0
BRDA:102,9,1,0
BRDA:102,10,0,0
BRDA:102,10,1,0
BRDA:109,11,0,0
BRDA:109,11,1,0
BRDA:116,12,0,0
BRDA:116,12,1,0
BRDA:119,13,0,0
BRDA:119,13,1,0
BRDA:127,14,0,0
BRDA:127,14,1,0
BRF:30
BRH:0
end_of_record
TN:
SF:controllers\playerRankingController.ts
FN:12,(anonymous_1)
FN:42,(anonymous_2)
FN:47,(anonymous_3)
FN:52,(anonymous_4)
FN:57,(anonymous_5)
FN:88,(anonymous_6)
FN:93,(anonymous_7)
FN:98,(anonymous_8)
FN:131,(anonymous_9)
FN:143,(anonymous_10)
FN:153,(anonymous_11)
FN:165,(anonymous_12)
FN:169,(anonymous_13)
FN:177,(anonymous_14)
FN:195,(anonymous_15)
FN:203,(anonymous_16)
FN:222,(anonymous_17)
FNF:17
FNH:0
FNDA:0,(anonymous_1)
FNDA:0,(anonymous_2)
FNDA:0,(anonymous_3)
FNDA:0,(anonymous_4)
FNDA:0,(anonymous_5)
FNDA:0,(anonymous_6)
FNDA:0,(anonymous_7)
FNDA:0,(anonymous_8)
FNDA:0,(anonymous_9)
FNDA:0,(anonymous_10)
FNDA:0,(anonymous_11)
FNDA:0,(anonymous_12)
FNDA:0,(anonymous_13)
FNDA:0,(anonymous_14)
FNDA:0,(anonymous_15)
FNDA:0,(anonymous_16)
FNDA:0,(anonymous_17)
DA:2,0
DA:3,0
DA:4,0
DA:5,0
DA:6,0
DA:7,0
DA:8,0
DA:9,0
DA:10,0
DA:12,0
DA:13,0
DA:14,0
DA:21,0
DA:28,0
DA:35,0
DA:41,0
DA:42,0
DA:43,0
DA:46,0
DA:47,0
DA:48,0
DA:51,0
DA:52,0
DA:53,0
DA:56,0
DA:57,0
DA:58,0
DA:59,0
DA:66,0
DA:73,0
DA:80,0
DA:87,0
DA:88,0
DA:89,0
DA:92,0
DA:93,0
DA:94,0
DA:97,0
DA:98,0
DA:99,0
DA:102,0
DA:109,0
DA:115,0
DA:120,0
DA:125,0
DA:130,0
DA:131,0
DA:132,0
DA:133,0
DA:134,0
DA:135,0
DA:142,0
DA:143,0
DA:144,0
DA:147,0
DA:152,0
DA:153,0
DA:154,0
DA:155,0
DA:156,0
DA:157,0
DA:164,0
DA:165,0
DA:166,0
DA:169,0
DA:170,0
DA:171,0
DA:172,0
DA:173,0
DA:174,0
DA:175,0
DA:176,0
DA:177,0
DA:179,0
DA:195,0
DA:196,0
DA:197,0
DA:198,0
DA:199,0
DA:200,0
DA:201,0
DA:202,0
DA:203,0
DA:205,0
DA:221,0
DA:222,0
DA:224,0
DA:229,0
LF:88
LH:0
BRDA:43,0,0,0
BRDA:43,0,1,0
BRDA:48,1,0,0
BRDA:48,1,1,0
BRDA:53,2,0,0
BRDA:53,2,1,0
BRDA:58,3,0,0
BRDA:58,3,1,0
BRDA:60,4,0,0
BRDA:60,4,1,0
BRDA:61,5,0,0
BRDA:61,5,1,0
BRDA:89,6,0,0
BRDA:89,6,1,0
BRDA:94,7,0,0
BRDA:94,7,1,0
BRDA:99,8,0,0
BRDA:99,8,1,0
BRDA:133,9,0,0
BRDA:133,9,1,0
BRDA:134,10,0,0
BRDA:134,10,1,0
BRDA:155,11,0,0
BRDA:155,11,1,0
BRDA:156,12,0,0
BRDA:156,12,1,0
BRDA:170,13,0,0
BRDA:170,13,1,0
BRDA:171,14,0,0
BRDA:171,14,1,0
BRDA:172,15,0,0
BRDA:172,15,1,0
BRDA:173,16,0,0
BRDA:173,16,1,0
BRDA:174,17,0,0
BRDA:174,17,1,0
BRDA:176,18,0,0
BRDA:176,18,1,0
BRDA:183,19,0,0
BRDA:183,19,1,0
BRDA:184,20,0,0
BRDA:184,20,1,0
BRDA:185,21,0,0
BRDA:185,21,1,0
BRDA:196,22,0,0
BRDA:196,22,1,0
BRDA:197,23,0,0
BRDA:197,23,1,0
BRDA:198,24,0,0
BRDA:198,24,1,0
BRDA:202,25,0,0
BRDA:202,25,1,0
BRDA:209,26,0,0
BRDA:209,26,1,0
BRDA:210,27,0,0
BRDA:210,27,1,0
BRDA:211,28,0,0
BRDA:211,28,1,0
BRF:58
BRH:0
end_of_record
TN:
SF:controllers\userController.ts
FN:17,(anonymous_1)
FN:22,(anonymous_2)
FN:26,(anonymous_3)
FN:30,(anonymous_4)
FN:40,(anonymous_5)
FN:70,(anonymous_6)
FN:84,(anonymous_7)
FN:170,(anonymous_8)
FN:261,(anonymous_9)
FN:287,(anonymous_10)
FN:304,(anonymous_11)
FN:326,(anonymous_12)
FNF:12
FNH:0
FNDA:0,(anonymous_1)
FNDA:0,(anonymous_2)
FNDA:0,(anonymous_3)
FNDA:0,(anonymous_4)
FNDA:0,(anonymous_5)
FNDA:0,(anonymous_6)
FNDA:0,(anonymous_7)
FNDA:0,(anonymous_8)
FNDA:0,(anonymous_9)
FNDA:0,(anonymous_10)
FNDA:0,(anonymous_11)
FNDA:0,(anonymous_12)
DA:2,0
DA:3,0
DA:4,0
DA:5,0
DA:6,0
DA:7,0
DA:8,0
DA:9,0
DA:10,0
DA:11,0
DA:12,0
DA:13,0
DA:15,0
DA:17,0
DA:18,0
DA:19,0
DA:22,0
DA:23,0
DA:26,0
DA:27,0
DA:30,0
DA:31,0
DA:32,0
DA:33,0
DA:34,0
DA:35,0
DA:37,0
DA:40,0
DA:41,0
DA:43,0
DA:45,0
DA:47,0
DA:50,0
DA:51,0
DA:54,0
DA:55,0
DA:56,0
DA:58,0
DA:59,0
DA:60,0
DA:63,0
DA:64,0
DA:65,0
DA:67,0
DA:70,0
DA:71,0
DA:72,0
DA:78,0
DA:80,0
DA:84,0
DA:85,0
DA:86,0
DA:87,0
DA:89,0
DA:90,0
DA:91,0
DA:92,0
DA:93,0
DA:94,0
DA:96,0
DA:97,0
DA:100,0
DA:101,0
DA:104,0
DA:105,0
DA:108,0
DA:109,0
DA:112,0
DA:113,0
DA:116,0
DA:117,0
DA:118,0
DA:121,0
DA:122,0
DA:129,0
DA:130,0
DA:131,0
DA:134,0
DA:138,0
DA:139,0
DA:140,0
DA:143,0
DA:147,0
DA:148,0
DA:149,0
DA:152,0
DA:154,0
DA:164,0
DA:166,0
DA:170,0
DA:171,0
DA:172,0
DA:173,0
DA:174,0
DA:176,0
DA:178,0
DA:179,0
DA:180,0
DA:183,0
DA:184,0
DA:187,0
DA:188,0
DA:191,0
DA:192,0
DA:195,0
DA:196,0
DA:199,0
DA:200,0
DA:203,0
DA:204,0
DA:205,0
DA:208,0
DA:209,0
DA:210,0
DA:217,0
DA:218,0
DA:219,0
DA:222,0
DA:225,0
DA:226,0
DA:230,0
DA:231,0
DA:232,0
DA:236,0
DA:237,0
DA:241,0
DA:242,0
DA:243,0
DA:247,0
DA:249,0
DA:250,0
DA:253,0
DA:255,0
DA:257,0
DA:261,0
DA:262,0
DA:263,0
DA:265,0
DA:267,0
DA:268,0
DA:269,0
DA:272,0
DA:274,0
DA:275,0
DA:278,0
DA:281,0
DA:286,0
DA:287,0
DA:289,0
DA:290,0
DA:291,0
DA:292,0
DA:293,0
DA:294,0
DA:295,0
DA:298,0
DA:303,0
DA:304,0
DA:305,0
DA:308,0
DA:310,0
DA:312,0
DA:317,0
DA:322,0
DA:326,0
DA:327,0
DA:328,0
DA:329,0
DA:335,0
DA:336,0
DA:337,0
DA:339,0
DA:341,0
LF:173
LH:0
BRDA:19,0,0,0
BRDA:19,0,1,0
BRDA:37,1,0,0
BRDA:37,1,1,0
BRDA:37,1,2,0
BRDA:37,1,3,0
BRDA:37,1,4,0
BRDA:43,2,0,0
BRDA:43,2,1,0
BRDA:45,3,0,0
BRDA:45,3,1,0
BRDA:55,4,0,0
BRDA:55,4,1,0
BRDA:55,5,0,0
BRDA:55,5,1,0
BRDA:56,6,0,0
BRDA:56,6,1,0
BRDA:64,7,0,0
BRDA:64,7,1,0
BRDA:64,8,0,0
BRDA:64,8,1,0
BRDA:65,9,0,0
BRDA:65,9,1,0
BRDA:89,10,0,0
BRDA:89,10,1,0
BRDA:90,11,0,0
BRDA:90,11,1,0
BRDA:91,12,0,0
BRDA:91,12,1,0
BRDA:92,13,0,0
BRDA:92,13,1,0
BRDA:93,14,0,0
BRDA:93,14,1,0
BRDA:94,15,0,0
BRDA:94,15,1,0
BRDA:96,16,0,0
BRDA:96,16,1,0
BRDA:96,17,0,0
BRDA:96,17,1,0
BRDA:100,18,0,0
BRDA:100,18,1,0
BRDA:100,19,0,0
BRDA:100,19,1,0
BRDA:104,20,0,0
BRDA:104,20,1,0
BRDA:104,21,0,0
BRDA:104,21,1,0
BRDA:108,22,0,0
BRDA:108,22,1,0
BRDA:108,23,0,0
BRDA:108,23,1,0
BRDA:112,24,0,0
BRDA:112,24,1,0
BRDA:112,25,0,0
BRDA:112,25,1,0
BRDA:116,26,0,0
BRDA:116,26,1,0
BRDA:129,27,0,0
BRDA:129,27,1,0
BRDA:138,28,0,0
BRDA:138,28,1,0
BRDA:147,29,0,0
BRDA:147,29,1,0
BRDA:160,30,0,0
BRDA:160,30,1,0
BRDA:178,31,0,0
BRDA:178,31,1,0
BRDA:183,32,0,0
BRDA:183,32,1,0
BRDA:183,33,0,0
BRDA:183,33,1,0
BRDA:187,34,0,0
BRDA:187,34,1,0
BRDA:187,35,0,0
BRDA:187,35,1,0
BRDA:191,36,0,0
BRDA:191,36,1,0
BRDA:191,37,0,0
BRDA:191,37,1,0
BRDA:195,38,0,0
BRDA:195,38,1,0
BRDA:195,39,0,0
BRDA:195,39,1,0
BRDA:199,40,0,0
BRDA:199,40,1,0
BRDA:199,41,0,0
BRDA:199,41,1,0
BRDA:203,42,0,0
BRDA:203,42,1,0
BRDA:208,43,0,0
BRDA:208,43,1,0
BRDA:208,44,0,0
BRDA:208,44,1,0
BRDA:217,45,0,0
BRDA:217,45,1,0
BRDA:225,46,0,0
BRDA:225,46,1,0
BRDA:225,47,0,0
BRDA:225,47,1,0
BRDA:230,48,0,0
BRDA:230,48,1,0
BRDA:236,49,0,0
BRDA:236,49,1,0
BRDA:236,50,0,0
BRDA:236,50,1,0
BRDA:241,51,0,0
BRDA:241,51,1,0
BRDA:249,52,0,0
BRDA:249,52,1,0
BRDA:267,53,0,0
BRDA:267,53,1,0
BRDA:274,54,0,0
BRDA:274,54,1,0
BRDA:286,55,0,0
BRDA:286,55,1,0
BRDA:303,56,0,0
BRDA:303,56,1,0
BRDA:335,57,0,0
BRDA:335,57,1,0
BRF:119
BRH:0
end_of_record
TN:
SF:middleware\authMiddleware.ts
FN:10,authMiddleware
FNF:1
FNH:0
FNDA:0,authMiddleware
DA:2,0
DA:10,0
DA:15,0
DA:17,0
DA:18,0
DA:21,0
DA:23,0
DA:24,0
DA:25,0
DA:27,0
DA:29,0
DA:31,0
LF:12
LH:0
BRDA:17,0,0,0
BRDA:17,0,1,0
BRDA:24,1,0,0
BRDA:24,1,1,0
BRF:4
BRH:0
end_of_record
TN:
SF:services\emailService.ts
FN:13,(anonymous_1)
FNF:1
FNH:0
FNDA:0,(anonymous_1)
DA:1,0
DA:2,0
DA:3,0
DA:5,0
DA:13,0
DA:14,0
DA:15,0
DA:51,0
DA:52,0
DA:53,0
DA:55,0
LF:11
LH:0
BRF:0
BRH:0
end_of_record
TN:
SF:services\uploadService.ts
FN:7,(anonymous_1)
FN:14,(anonymous_2)
FN:23,(anonymous_3)
FN:30,(anonymous_4)
FN:43,(anonymous_5)
FN:61,(anonymous_6)
FN:76,(anonymous_7)
FNF:7
FNH:0
FNDA:0,(anonymous_1)
FNDA:0,(anonymous_2)
FNDA:0,(anonymous_3)
FNDA:0,(anonymous_4)
FNDA:0,(anonymous_5)
FNDA:0,(anonymous_6)
FNDA:0,(anonymous_7)
DA:1,0
DA:2,0
DA:3,0
DA:6,0
DA:8,0
DA:9,0
DA:10,0
DA:12,0
DA:15,0
DA:16,0
DA:17,0
DA:22,0
DA:24,0
DA:25,0
DA:26,0
DA:28,0
DA:31,0
DA:32,0
DA:33,0
DA:38,0
DA:44,0
DA:45,0
DA:46,0
DA:48,0
DA:49,0
DA:51,0
DA:56,0
DA:62,0
DA:63,0
DA:65,0
DA:66,0
DA:68,0
DA:69,0
DA:71,0
DA:76,0
DA:77,0
DA:78,0
DA:81,0
DA:82,0
LF:39
LH:0
BRDA:9,0,0,0
BRDA:9,0,1,0
BRDA:25,1,0,0
BRDA:25,1,1,0
BRDA:48,2,0,0
BRDA:48,2,1,0
BRDA:48,3,0,0
BRDA:48,3,1,0
BRDA:68,4,0,0
BRDA:68,4,1,0
BRDA:68,5,0,0
BRDA:68,5,1,0
BRDA:77,6,0,0
BRDA:77,6,1,0
BRF:14
BRH:0
end_of_record
